Analysis & Synthesis report for msxslotreader
Mon Apr 18 02:44:57 2016
Quartus II 64-Bit Version 13.1.0 Build 162 10/23/2013 SJ Web Edition


---------------------
; Table of Contents ;
---------------------
  1. Legal Notice
  2. Analysis & Synthesis Summary
  3. Analysis & Synthesis Settings
  4. Parallel Compilation
  5. Analysis & Synthesis Source Files Read
  6. Analysis & Synthesis Resource Usage Summary
  7. Analysis & Synthesis Resource Utilization by Entity
  8. General Register Statistics
  9. Inverted Register Statistics
 10. Multiplexer Restructuring Statistics (Restructuring Performed)
 11. Analysis & Synthesis Messages
 12. Analysis & Synthesis Suppressed Messages



----------------
; Legal Notice ;
----------------
Copyright (C) 1991-2013 Altera Corporation
Your use of Altera Corporation's design tools, logic functions 
and other software and tools, and its AMPP partner logic 
functions, and any output files from any of the foregoing 
(including device programming or simulation files), and any 
associated documentation or information are expressly subject 
to the terms and conditions of the Altera Program License 
Subscription Agreement, Altera MegaCore Function License 
Agreement, or other applicable license agreement, including, 
without limitation, that your use is for the sole purpose of 
programming logic devices manufactured by Altera and sold by 
Altera or its authorized distributors.  Please refer to the 
applicable agreement for further details.



+--------------------------------------------------------------------------+
; Analysis & Synthesis Summary                                             ;
+-----------------------------+--------------------------------------------+
; Analysis & Synthesis Status ; Successful - Mon Apr 18 02:44:57 2016      ;
; Quartus II 64-Bit Version   ; 13.1.0 Build 162 10/23/2013 SJ Web Edition ;
; Revision Name               ; msxslotreader                              ;
; Top-level Entity Name       ; msxbus                                     ;
; Family                      ; MAX II                                     ;
; Total logic elements        ; 67                                         ;
; Total pins                  ; 68                                         ;
; Total virtual pins          ; 0                                          ;
; UFM blocks                  ; 0 / 1 ( 0 % )                              ;
+-----------------------------+--------------------------------------------+


+----------------------------------------------------------------------------------------------------------------------+
; Analysis & Synthesis Settings                                                                                        ;
+----------------------------------------------------------------------------+--------------------+--------------------+
; Option                                                                     ; Setting            ; Default Value      ;
+----------------------------------------------------------------------------+--------------------+--------------------+
; Device                                                                     ; EPM240T100C5       ;                    ;
; Top-level entity name                                                      ; msxbus             ; msxslotreader      ;
; Family name                                                                ; MAX II             ; Cyclone IV GX      ;
; Use smart compilation                                                      ; Off                ; Off                ;
; Enable parallel Assembler and TimeQuest Timing Analyzer during compilation ; On                 ; On                 ;
; Enable compact report table                                                ; Off                ; Off                ;
; Restructure Multiplexers                                                   ; Auto               ; Auto               ;
; Create Debugging Nodes for IP Cores                                        ; Off                ; Off                ;
; Preserve fewer node names                                                  ; On                 ; On                 ;
; Disable OpenCore Plus hardware evaluation                                  ; Off                ; Off                ;
; Verilog Version                                                            ; Verilog_2001       ; Verilog_2001       ;
; VHDL Version                                                               ; VHDL_1993          ; VHDL_1993          ;
; State Machine Processing                                                   ; Auto               ; Auto               ;
; Safe State Machine                                                         ; Off                ; Off                ;
; Extract Verilog State Machines                                             ; On                 ; On                 ;
; Extract VHDL State Machines                                                ; On                 ; On                 ;
; Ignore Verilog initial constructs                                          ; Off                ; Off                ;
; Iteration limit for constant Verilog loops                                 ; 5000               ; 5000               ;
; Iteration limit for non-constant Verilog loops                             ; 250                ; 250                ;
; Add Pass-Through Logic to Inferred RAMs                                    ; On                 ; On                 ;
; Infer RAMs from Raw Logic                                                  ; On                 ; On                 ;
; Parallel Synthesis                                                         ; On                 ; On                 ;
; NOT Gate Push-Back                                                         ; On                 ; On                 ;
; Power-Up Don't Care                                                        ; On                 ; On                 ;
; Remove Redundant Logic Cells                                               ; Off                ; Off                ;
; Remove Duplicate Registers                                                 ; On                 ; On                 ;
; Ignore CARRY Buffers                                                       ; Off                ; Off                ;
; Ignore CASCADE Buffers                                                     ; Off                ; Off                ;
; Ignore GLOBAL Buffers                                                      ; Off                ; Off                ;
; Ignore ROW GLOBAL Buffers                                                  ; Off                ; Off                ;
; Ignore LCELL Buffers                                                       ; Off                ; Off                ;
; Ignore SOFT Buffers                                                        ; On                 ; On                 ;
; Limit AHDL Integers to 32 Bits                                             ; Off                ; Off                ;
; Optimization Technique                                                     ; Balanced           ; Balanced           ;
; Carry Chain Length                                                         ; 70                 ; 70                 ;
; Auto Carry Chains                                                          ; On                 ; On                 ;
; Auto Open-Drain Pins                                                       ; On                 ; On                 ;
; Perform WYSIWYG Primitive Resynthesis                                      ; Off                ; Off                ;
; Auto Shift Register Replacement                                            ; Auto               ; Auto               ;
; Allow Shift Register Merging across Hierarchies                            ; Auto               ; Auto               ;
; Auto Clock Enable Replacement                                              ; On                 ; On                 ;
; Allow Synchronous Control Signals                                          ; On                 ; On                 ;
; Force Use of Synchronous Clear Signals                                     ; Off                ; Off                ;
; Auto Resource Sharing                                                      ; Off                ; Off                ;
; Use LogicLock Constraints during Resource Balancing                        ; On                 ; On                 ;
; Ignore translate_off and synthesis_off directives                          ; Off                ; Off                ;
; Report Parameter Settings                                                  ; On                 ; On                 ;
; Report Source Assignments                                                  ; On                 ; On                 ;
; Report Connectivity Checks                                                 ; On                 ; On                 ;
; Ignore Maximum Fan-Out Assignments                                         ; Off                ; Off                ;
; Synchronization Register Chain Length                                      ; 2                  ; 2                  ;
; PowerPlay Power Optimization                                               ; Normal compilation ; Normal compilation ;
; HDL message level                                                          ; Level2             ; Level2             ;
; Suppress Register Optimization Related Messages                            ; Off                ; Off                ;
; Number of Removed Registers Reported in Synthesis Report                   ; 5000               ; 5000               ;
; Number of Swept Nodes Reported in Synthesis Report                         ; 5000               ; 5000               ;
; Number of Inverted Registers Reported in Synthesis Report                  ; 100                ; 100                ;
; Clock MUX Protection                                                       ; On                 ; On                 ;
; Block Design Naming                                                        ; Auto               ; Auto               ;
; Synthesis Effort                                                           ; Auto               ; Auto               ;
; Shift Register Replacement - Allow Asynchronous Clear Signal               ; On                 ; On                 ;
; Pre-Mapping Resynthesis Optimization                                       ; Off                ; Off                ;
; Analysis & Synthesis Message Level                                         ; Medium             ; Medium             ;
; Disable Register Merging Across Hierarchies                                ; Auto               ; Auto               ;
; Synthesis Seed                                                             ; 1                  ; 1                  ;
+----------------------------------------------------------------------------+--------------------+--------------------+


+------------------------------------------+
; Parallel Compilation                     ;
+----------------------------+-------------+
; Processors                 ; Number      ;
+----------------------------+-------------+
; Number detected on machine ; 4           ;
; Maximum allowed            ; 2           ;
;                            ;             ;
; Average used               ; 1.00        ;
; Maximum used               ; 1           ;
;                            ;             ;
; Usage by Processor         ; % Time Used ;
;     Processor 1            ; 100.0%      ;
;     Processors 2-4         ;   0.0%      ;
+----------------------------+-------------+


+-----------------------------------------------------------------------------------------------------------------------------------------------+
; Analysis & Synthesis Source Files Read                                                                                                        ;
+----------------------------------+-----------------+------------------------+-------------------------------------------------------+---------+
; File Name with User-Entered Path ; Used in Netlist ; File Type              ; File Name with Absolute Path                          ; Library ;
+----------------------------------+-----------------+------------------------+-------------------------------------------------------+---------+
; msxbus.v                         ; yes             ; User Verilog HDL File  ; C:/msys64/home/Miso Kim/msx-cartridge/msxbus/msxbus.v ;         ;
+----------------------------------+-----------------+------------------------+-------------------------------------------------------+---------+


+-----------------------------------------------------+
; Analysis & Synthesis Resource Usage Summary         ;
+---------------------------------------------+-------+
; Resource                                    ; Usage ;
+---------------------------------------------+-------+
; Total logic elements                        ; 67    ;
;     -- Combinational with no register       ; 8     ;
;     -- Register only                        ; 27    ;
;     -- Combinational with a register        ; 32    ;
;                                             ;       ;
; Logic element usage by number of LUT inputs ;       ;
;     -- 4 input functions                    ; 14    ;
;     -- 3 input functions                    ; 1     ;
;     -- 2 input functions                    ; 9     ;
;     -- 1 input functions                    ; 15    ;
;     -- 0 input functions                    ; 1     ;
;                                             ;       ;
; Logic elements by mode                      ;       ;
;     -- normal mode                          ; 62    ;
;     -- arithmetic mode                      ; 5     ;
;     -- qfbk mode                            ; 0     ;
;     -- register cascade mode                ; 0     ;
;     -- synchronous clear/load mode          ; 6     ;
;     -- asynchronous clear/load mode         ; 0     ;
;                                             ;       ;
; Total registers                             ; 59    ;
; Total logic cells in carry chains           ; 6     ;
; I/O pins                                    ; 68    ;
; Maximum fan-out node                        ; clk   ;
; Maximum fan-out                             ; 59    ;
; Total fan-out                               ; 285   ;
; Average fan-out                             ; 2.11  ;
+---------------------------------------------+-------+


+----------------------------------------------------------------------------------------------------------------------------------------------------------------------------------------------------------------------+
; Analysis & Synthesis Resource Utilization by Entity                                                                                                                                                                  ;
+----------------------------+-------------+--------------+------------+------+--------------+--------------+-------------------+------------------+-----------------+------------+---------------------+--------------+
; Compilation Hierarchy Node ; Logic Cells ; LC Registers ; UFM Blocks ; Pins ; Virtual Pins ; LUT-Only LCs ; Register-Only LCs ; LUT/Register LCs ; Carry Chain LCs ; Packed LCs ; Full Hierarchy Name ; Library Name ;
+----------------------------+-------------+--------------+------------+------+--------------+--------------+-------------------+------------------+-----------------+------------+---------------------+--------------+
; |msxbus                    ; 67 (67)     ; 59           ; 0          ; 68   ; 0            ; 8 (8)        ; 27 (27)           ; 32 (32)          ; 6 (6)           ; 0 (0)      ; |msxbus             ; work         ;
+----------------------------+-------------+--------------+------------+------+--------------+--------------+-------------------+------------------+-----------------+------------+---------------------+--------------+
Note: For table entries with two numbers listed, the numbers in parentheses indicate the number of resources of the given type used by the specific entity alone. The numbers listed outside of parentheses indicate the total resources of the given type used by the specific entity and all of its sub-entities in the hierarchy.


+------------------------------------------------------+
; General Register Statistics                          ;
+----------------------------------------------+-------+
; Statistic                                    ; Value ;
+----------------------------------------------+-------+
; Total registers                              ; 59    ;
; Number of registers using Synchronous Clear  ; 0     ;
; Number of registers using Synchronous Load   ; 6     ;
; Number of registers using Asynchronous Clear ; 0     ;
; Number of registers using Asynchronous Load  ; 0     ;
; Number of registers using Clock Enable       ; 40    ;
; Number of registers using Preset             ; 0     ;
+----------------------------------------------+-------+


+--------------------------------------------------+
; Inverted Register Statistics                     ;
+----------------------------------------+---------+
; Inverted Register                      ; Fan out ;
+----------------------------------------+---------+
; mm1~reg0                               ; 1       ;
; mmreq~reg0                             ; 1       ;
; miorq~reg0                             ; 1       ;
; mwr~reg0                               ; 1       ;
; mrd~reg0                               ; 17      ;
; msx_clk~reg0                           ; 2       ;
; Total number of inverted registers = 6 ;         ;
+----------------------------------------+---------+


+------------------------------------------------------------------------------------------------------------------------------------------+
; Multiplexer Restructuring Statistics (Restructuring Performed)                                                                           ;
+--------------------+-----------+---------------+----------------------+------------------------+------------+----------------------------+
; Multiplexer Inputs ; Bus Width ; Baseline Area ; Area if Restructured ; Saving if Restructured ; Registered ; Example Multiplexer Output ;
+--------------------+-----------+---------------+----------------------+------------------------+------------+----------------------------+
; 4:1                ; 8 bits    ; 16 LEs        ; 8 LEs                ; 8 LEs                  ; Yes        ; |msxbus|md[0]~reg0         ;
+--------------------+-----------+---------------+----------------------+------------------------+------------+----------------------------+


+-------------------------------+
; Analysis & Synthesis Messages ;
+-------------------------------+
Info: *******************************************************************
Info: Running Quartus II 64-Bit Analysis & Synthesis
    Info: Version 13.1.0 Build 162 10/23/2013 SJ Web Edition
    Info: Processing started: Mon Apr 18 02:44:52 2016
Info: Command: quartus_map --read_settings_files=on --write_settings_files=off msxslotreader -c msxslotreader
Info (11104): Parallel Compilation has detected 4 hyper-threaded processors. However, the extra hyper-threaded processors will not be used by default. Parallel Compilation will use 2 of the 2 physical processors detected instead.
Info (12248): Elaborating Qsys system entity "plltest.qsys"
Info (12250): 2016.04.18.02:44:54 Progress: Loading msxbus/plltest.qsys
Info (12250): 2016.04.18.02:44:54 Progress: Reading input file
Info (12250): 2016.04.18.02:44:54 Progress: Adding clk_0 [clock_source 13.1]
Info (12250): 2016.04.18.02:44:54 Progress: Parameterizing module clk_0
Info (12250): 2016.04.18.02:44:54 Progress: Building connections
Info (12250): 2016.04.18.02:44:54 Progress: Parameterizing connections
Info (12250): 2016.04.18.02:44:54 Progress: Validating
Info (12250): 2016.04.18.02:44:54 Progress: Done reading input file
Info (12250): Plltest: Generating plltest "plltest" for QUARTUS_SYNTH
Info (12250): Pipeline_bridge_swap_transform: After transform: 1 modules, 0 connections
Info (12250): No custom instruction connections, skipping transform 
Info (12250): Plltest: Done "plltest" with 1 modules, 1 files, 323 bytes
Info (12249): Finished elaborating Qsys system entity "plltest.qsys"
Warning (10229): Verilog HDL Expression warning at msxbus.v(57): truncated literal to match 1 bits
Warning (10229): Verilog HDL Expression warning at msxbus.v(58): truncated literal to match 1 bits
Warning (10229): Verilog HDL Expression warning at msxbus.v(59): truncated literal to match 1 bits
Info (12021): Found 1 design units, including 1 entities, in source file msxbus.v
    Info (12023): Found entity 1: msxbus
Info (12021): Found 1 design units, including 1 entities, in source file spi_to_msx_test.v
    Info (12023): Found entity 1: SPI_to_MSX_test
Info (12021): Found 1 design units, including 1 entities, in source file db/ip/plltest/plltest.v
    Info (12023): Found entity 1: plltest
Warning (10236): Verilog HDL Implicit Net warning at SPI_to_MSX_test.v(28): created implicit net for "address"
Warning (10236): Verilog HDL Implicit Net warning at SPI_to_MSX_test.v(28): created implicit net for "data_bus"
Warning (10236): Verilog HDL Implicit Net warning at SPI_to_MSX_test.v(28): created implicit net for "rd"
Warning (10236): Verilog HDL Implicit Net warning at SPI_to_MSX_test.v(28): created implicit net for "wr"
Warning (10236): Verilog HDL Implicit Net warning at SPI_to_MSX_test.v(28): created implicit net for "iorq"
Warning (10236): Verilog HDL Implicit Net warning at SPI_to_MSX_test.v(28): created implicit net for "merq"
Warning (10236): Verilog HDL Implicit Net warning at SPI_to_MSX_test.v(28): created implicit net for "cs1"
Warning (10236): Verilog HDL Implicit Net warning at SPI_to_MSX_test.v(28): created implicit net for "cs2"
Warning (10236): Verilog HDL Implicit Net warning at SPI_to_MSX_test.v(28): created implicit net for "cs12"
Warning (10236): Verilog HDL Implicit Net warning at SPI_to_MSX_test.v(28): created implicit net for "sltsl"
Warning (10236): Verilog HDL Implicit Net warning at SPI_to_MSX_test.v(28): created implicit net for "m1"
Warning (10236): Verilog HDL Implicit Net warning at SPI_to_MSX_test.v(28): created implicit net for "reset"
Warning (10236): Verilog HDL Implicit Net warning at SPI_to_MSX_test.v(28): created implicit net for "rfsh"
Warning (10236): Verilog HDL Implicit Net warning at SPI_to_MSX_test.v(28): created implicit net for "msx_clk"
Warning (10236): Verilog HDL Implicit Net warning at SPI_to_MSX_test.v(29): created implicit net for "nwait"
Warning (10236): Verilog HDL Implicit Net warning at SPI_to_MSX_test.v(29): created implicit net for "busdir"
Warning (10236): Verilog HDL Implicit Net warning at SPI_to_MSX_test.v(29): created implicit net for "interrupt"
Warning (10236): Verilog HDL Implicit Net warning at SPI_to_MSX_test.v(29): created implicit net for "sw1"
Warning (10236): Verilog HDL Implicit Net warning at SPI_to_MSX_test.v(29): created implicit net for "sw2"
Warning (10236): Verilog HDL Implicit Net warning at SPI_to_MSX_test.v(29): created implicit net for "swout"
Warning (10236): Verilog HDL Implicit Net warning at SPI_to_MSX_test.v(29): created implicit net for "clk"
Info (12127): Elaborating entity "msxbus" for the top level hierarchy
Warning (10230): Verilog HDL assignment warning at msxbus.v(118): truncated value with size 32 to match size of target (6)
Warning (13034): The following nodes have both tri-state and non-tri-state drivers
    Warning (13035): Inserted always-enabled tri-state buffer between "md[0]" and its non-tri-state driver.
    Warning (13035): Inserted always-enabled tri-state buffer between "md[1]" and its non-tri-state driver.
    Warning (13035): Inserted always-enabled tri-state buffer between "md[2]" and its non-tri-state driver.
    Warning (13035): Inserted always-enabled tri-state buffer between "md[3]" and its non-tri-state driver.
    Warning (13035): Inserted always-enabled tri-state buffer between "md[4]" and its non-tri-state driver.
    Warning (13035): Inserted always-enabled tri-state buffer between "md[5]" and its non-tri-state driver.
    Warning (13035): Inserted always-enabled tri-state buffer between "md[6]" and its non-tri-state driver.
    Warning (13035): Inserted always-enabled tri-state buffer between "md[7]" and its non-tri-state driver.
Warning (13039): The following bidir pins have no drivers
    Warning (13040): Bidir "md[8]" has no driver
    Warning (13040): Bidir "md[9]" has no driver
    Warning (13040): Bidir "md[10]" has no driver
    Warning (13040): Bidir "md[11]" has no driver
    Warning (13040): Bidir "md[12]" has no driver
    Warning (13040): Bidir "md[13]" has no driver
    Warning (13040): Bidir "md[14]" has no driver
    Warning (13040): Bidir "md[15]" has no driver
Info (13060): One or more bidirs are fed by always enabled tri-state buffers
    Info (13061): Fan-out of permanently enabled tri-state buffer feeding bidir "md[0]" is moved to its source
    Info (13061): Fan-out of permanently enabled tri-state buffer feeding bidir "md[1]" is moved to its source
    Info (13061): Fan-out of permanently enabled tri-state buffer feeding bidir "md[2]" is moved to its source
    Info (13061): Fan-out of permanently enabled tri-state buffer feeding bidir "md[3]" is moved to its source
    Info (13061): Fan-out of permanently enabled tri-state buffer feeding bidir "md[4]" is moved to its source
    Info (13061): Fan-out of permanently enabled tri-state buffer feeding bidir "md[5]" is moved to its source
    Info (13061): Fan-out of permanently enabled tri-state buffer feeding bidir "md[6]" is moved to its source
    Info (13061): Fan-out of permanently enabled tri-state buffer feeding bidir "md[7]" is moved to its source
Warning (13009): TRI or OPNDRN buffers permanently enabled
    Warning (13010): Node "md[0]~synth"
    Warning (13010): Node "md[1]~synth"
    Warning (13010): Node "md[2]~synth"
    Warning (13010): Node "md[3]~synth"
    Warning (13010): Node "md[4]~synth"
    Warning (13010): Node "md[5]~synth"
    Warning (13010): Node "md[6]~synth"
    Warning (13010): Node "md[7]~synth"
Warning (13024): Output pins are stuck at VCC or GND
    Warning (13410): Pin "mswout" is stuck at VCC
Warning (21074): Design contains 1 input pin(s) that do not drive logic
    Warning (15610): No output dependent on input pin "mode"
Info (21057): Implemented 135 device resources after synthesis - the final resource count might be different
    Info (21058): Implemented 9 input pins
    Info (21059): Implemented 35 output pins
    Info (21060): Implemented 24 bidirectional pins
    Info (21061): Implemented 67 logic cells
Warning (20013): Ignored assignments for entity "plltest" -- entity does not exist in design
    Warning (20014): Assignment for entity set_global_assignment -name IP_TOOL_NAME Qsys -entity plltest -library plltest was ignored
    Warning (20014): Assignment for entity set_global_assignment -name IP_TOOL_VERSION 13.1 -entity plltest -library plltest was ignored
    Warning (20014): Assignment for entity set_global_assignment -name IP_TOOL_ENV Qsys -entity plltest -library plltest was ignored
    Warning (20014): Assignment for entity set_global_assignment -name SLD_INFO "QSYS_NAME plltest HAS_SOPCINFO 1 GENERATION_ID 1460915094" -entity plltest -library plltest was ignored
Info (144001): Generated suppressed messages file C:/msys64/home/Miso Kim/msx-cartridge/msxbus/output_files/msxslotreader.map.smsg
Info: Quartus II 64-Bit Analysis & Synthesis was successful. 0 errors, 61 warnings
    Info: Peak virtual memory: 492 megabytes
    Info: Processing ended: Mon Apr 18 02:44:57 2016
    Info: Elapsed time: 00:00:05
    Info: Total CPU time (on all processors): 00:00:05


+------------------------------------------+
; Analysis & Synthesis Suppressed Messages ;
+------------------------------------------+
The suppressed messages can be found in C:/msys64/home/Miso Kim/msx-cartridge/msxbus/output_files/msxslotreader.map.smsg.


