## Footprint report - date 01/15/20 00:24:59
## Created by Pcbnew version pcbnew 4.0.7
## Unit = mm, Angle = deg.

$BeginDESCRIPTION

$BOARD
upper_left_corner 98.082100 30.388775
lower_right_corner 228.708296 119.910183
$EndBOARD

$MODULE "J1"
reference "J1"
value "RPi_GPIO"
footprint "Socket_Strips:Socket_Strip_Angled_2x20_Pitch2.54mm"
attribut none
position 195.199000 94.297500  orientation 270.00
layer front
$PAD "1"
Shape 사각형 Layer both
position  0.000000  0.000000  size  1.700000  1.700000  orientation 0.00
drill  0.773000
shape_offset  0.000000  0.000000
$EndPAD
$PAD "2"
Shape 타원형 Layer both
position -2.540000  0.000000  size  1.700000  1.700000  orientation 0.00
drill  0.773000
shape_offset  0.000000  0.000000
$EndPAD
$PAD "3"
Shape 타원형 Layer both
position  0.000000  2.540000  size  1.700000  1.700000  orientation 0.00
drill  0.773000
shape_offset  0.000000  0.000000
$EndPAD
$PAD "4"
Shape 타원형 Layer both
position -2.540000  2.540000  size  1.700000  1.700000  orientation 0.00
drill  0.773000
shape_offset  0.000000  0.000000
$EndPAD
$PAD "5"
Shape 타원형 Layer both
position  0.000000  5.080000  size  1.700000  1.700000  orientation 0.00
drill  0.773000
shape_offset  0.000000  0.000000
$EndPAD
$PAD "6"
Shape 타원형 Layer both
position -2.540000  5.080000  size  1.700000  1.700000  orientation 0.00
drill  0.773000
shape_offset  0.000000  0.000000
$EndPAD
$PAD "7"
Shape 타원형 Layer both
position  0.000000  7.620000  size  1.700000  1.700000  orientation 0.00
drill  0.773000
shape_offset  0.000000  0.000000
$EndPAD
$PAD "8"
Shape 타원형 Layer both
position -2.540000  7.620000  size  1.700000  1.700000  orientation 0.00
drill  0.773000
shape_offset  0.000000  0.000000
$EndPAD
$PAD "9"
Shape 타원형 Layer both
position  0.000000 10.160000  size  1.700000  1.700000  orientation 0.00
drill  0.773000
shape_offset  0.000000  0.000000
$EndPAD
$PAD "10"
Shape 타원형 Layer both
position -2.540000 10.160000  size  1.700000  1.700000  orientation 0.00
drill  0.773000
shape_offset  0.000000  0.000000
$EndPAD
$PAD "11"
Shape 타원형 Layer both
position  0.000000 12.700000  size  1.700000  1.700000  orientation 0.00
drill  0.773000
shape_offset  0.000000  0.000000
$EndPAD
$PAD "12"
Shape 타원형 Layer both
position -2.540000 12.700000  size  1.700000  1.700000  orientation 0.00
drill  0.773000
shape_offset  0.000000  0.000000
$EndPAD
$PAD "13"
Shape 타원형 Layer both
position  0.000000 15.240000  size  1.700000  1.700000  orientation 0.00
drill  0.773000
shape_offset  0.000000  0.000000
$EndPAD
$PAD "14"
Shape 타원형 Layer both
position -2.540000 15.240000  size  1.700000  1.700000  orientation 0.00
drill  0.773000
shape_offset  0.000000  0.000000
$EndPAD
$PAD "15"
Shape 타원형 Layer both
position  0.000000 17.780000  size  1.700000  1.700000  orientation 0.00
drill  0.773000
shape_offset  0.000000  0.000000
$EndPAD
$PAD "16"
Shape 타원형 Layer both
position -2.540000 17.780000  size  1.700000  1.700000  orientation 0.00
drill  0.773000
shape_offset  0.000000  0.000000
$EndPAD
$PAD "17"
Shape 타원형 Layer both
position  0.000000 20.320000  size  1.700000  1.700000  orientation 0.00
drill  0.773000
shape_offset  0.000000  0.000000
$EndPAD
$PAD "18"
Shape 타원형 Layer both
position -2.540000 20.320000  size  1.700000  1.700000  orientation 0.00
drill  0.773000
shape_offset  0.000000  0.000000
$EndPAD
$PAD "19"
Shape 타원형 Layer both
position  0.000000 22.860000  size  1.700000  1.700000  orientation 0.00
drill  0.773000
shape_offset  0.000000  0.000000
$EndPAD
$PAD "20"
Shape 타원형 Layer both
position -2.540000 22.860000  size  1.700000  1.700000  orientation 0.00
drill  0.773000
shape_offset  0.000000  0.000000
$EndPAD
$PAD "21"
Shape 타원형 Layer both
position  0.000000 25.400000  size  1.700000  1.700000  orientation 0.00
drill  0.773000
shape_offset  0.000000  0.000000
$EndPAD
$PAD "22"
Shape 타원형 Layer both
position -2.540000 25.400000  size  1.700000  1.700000  orientation 0.00
drill  0.773000
shape_offset  0.000000  0.000000
$EndPAD
$PAD "23"
Shape 타원형 Layer both
position  0.000000 27.940000  size  1.700000  1.700000  orientation 0.00
drill  0.773000
shape_offset  0.000000  0.000000
$EndPAD
$PAD "24"
Shape 타원형 Layer both
position -2.540000 27.940000  size  1.700000  1.700000  orientation 0.00
drill  0.773000
shape_offset  0.000000  0.000000
$EndPAD
$PAD "25"
Shape 타원형 Layer both
position  0.000000 30.480000  size  1.700000  1.700000  orientation 0.00
drill  0.773000
shape_offset  0.000000  0.000000
$EndPAD
$PAD "26"
Shape 타원형 Layer both
position -2.540000 30.480000  size  1.700000  1.700000  orientation 0.00
drill  0.773000
shape_offset  0.000000  0.000000
$EndPAD
$PAD "27"
Shape 타원형 Layer both
position  0.000000 33.020000  size  1.700000  1.700000  orientation 0.00
drill  0.773000
shape_offset  0.000000  0.000000
$EndPAD
$PAD "28"
Shape 타원형 Layer both
position -2.540000 33.020000  size  1.700000  1.700000  orientation 0.00
drill  0.773000
shape_offset  0.000000  0.000000
$EndPAD
$PAD "29"
Shape 타원형 Layer both
position  0.000000 35.560000  size  1.700000  1.700000  orientation 0.00
drill  0.773000
shape_offset  0.000000  0.000000
$EndPAD
$PAD "30"
Shape 타원형 Layer both
position -2.540000 35.560000  size  1.700000  1.700000  orientation 0.00
drill  0.773000
shape_offset  0.000000  0.000000
$EndPAD
$PAD "31"
Shape 타원형 Layer both
position  0.000000 38.100000  size  1.700000  1.700000  orientation 0.00
drill  0.773000
shape_offset  0.000000  0.000000
$EndPAD
$PAD "32"
Shape 타원형 Layer both
position -2.540000 38.100000  size  1.700000  1.700000  orientation 0.00
drill  0.773000
shape_offset  0.000000  0.000000
$EndPAD
$PAD "33"
Shape 타원형 Layer both
position  0.000000 40.640000  size  1.700000  1.700000  orientation 0.00
drill  0.773000
shape_offset  0.000000  0.000000
$EndPAD
$PAD "34"
Shape 타원형 Layer both
position -2.540000 40.640000  size  1.700000  1.700000  orientation 0.00
drill  0.773000
shape_offset  0.000000  0.000000
$EndPAD
$PAD "35"
Shape 타원형 Layer both
position  0.000000 43.180000  size  1.700000  1.700000  orientation 0.00
drill  0.773000
shape_offset  0.000000  0.000000
$EndPAD
$PAD "36"
Shape 타원형 Layer both
position -2.540000 43.180000  size  1.700000  1.700000  orientation 0.00
drill  0.773000
shape_offset  0.000000  0.000000
$EndPAD
$PAD "37"
Shape 타원형 Layer both
position  0.000000 45.720000  size  1.700000  1.700000  orientation 0.00
drill  0.773000
shape_offset  0.000000  0.000000
$EndPAD
$PAD "38"
Shape 타원형 Layer both
position -2.540000 45.720000  size  1.700000  1.700000  orientation 0.00
drill  0.773000
shape_offset  0.000000  0.000000
$EndPAD
$PAD "39"
Shape 타원형 Layer both
position  0.000000 48.260000  size  1.700000  1.700000  orientation 0.00
drill  0.773000
shape_offset  0.000000  0.000000
$EndPAD
$PAD "40"
Shape 타원형 Layer both
position -2.540000 48.260000  size  1.700000  1.700000  orientation 0.00
drill  0.773000
shape_offset  0.000000  0.000000
$EndPAD
$EndMODULE  J1

$MODULE "P1"
reference "P1"
value "CONN_02X25"
footprint "MSX:card_edge_connector"
attribut none
position 156.200000 106.680000  orientation 0.00
layer front
$PAD ""
Shape 원 Layer both
position 29.123640 -7.782560  size  4.500000  4.500000  orientation 0.00
drill  4.500000
shape_offset  0.000000  0.000000
$EndPAD
$PAD "1"
Shape 사각형 Layer back
position 31.739840  3.147440  size  1.800000  8.000000  orientation 0.00
drill  0.000000
shape_offset  0.000000  0.000000
$EndPAD
$PAD "2"
Shape 사각형 Layer front
position 31.739840  3.147440  size  1.800000  8.000000  orientation 0.00
drill  0.000000
shape_offset  0.000000  0.000000
$EndPAD
$PAD "3"
Shape 사각형 Layer back
position 29.199840  3.147440  size  1.800000  8.000000  orientation 0.00
drill  0.000000
shape_offset  0.000000  0.000000
$EndPAD
$PAD "4"
Shape 사각형 Layer front
position 29.199840  3.147440  size  1.800000  8.000000  orientation 0.00
drill  0.000000
shape_offset  0.000000  0.000000
$EndPAD
$PAD "5"
Shape 사각형 Layer back
position 26.659840  3.147440  size  1.800000  8.000000  orientation 0.00
drill  0.000000
shape_offset  0.000000  0.000000
$EndPAD
$PAD "6"
Shape 사각형 Layer front
position 26.659840  3.147440  size  1.800000  8.000000  orientation 0.00
drill  0.000000
shape_offset  0.000000  0.000000
$EndPAD
$PAD "7"
Shape 사각형 Layer back
position 24.119840  3.147440  size  1.800000  8.000000  orientation 0.00
drill  0.000000
shape_offset  0.000000  0.000000
$EndPAD
$PAD "8"
Shape 사각형 Layer front
position 24.119840  3.147440  size  1.800000  8.000000  orientation 0.00
drill  0.000000
shape_offset  0.000000  0.000000
$EndPAD
$PAD "9"
Shape 사각형 Layer back
position 21.579840  3.147440  size  1.800000  8.000000  orientation 0.00
drill  0.000000
shape_offset  0.000000  0.000000
$EndPAD
$PAD "10"
Shape 사각형 Layer front
position 21.579840  3.147440  size  1.800000  8.000000  orientation 0.00
drill  0.000000
shape_offset  0.000000  0.000000
$EndPAD
$PAD "11"
Shape 사각형 Layer back
position 19.039840  3.147440  size  1.800000  8.000000  orientation 0.00
drill  0.000000
shape_offset  0.000000  0.000000
$EndPAD
$PAD "12"
Shape 사각형 Layer front
position 19.039840  3.147440  size  1.800000  8.000000  orientation 0.00
drill  0.000000
shape_offset  0.000000  0.000000
$EndPAD
$PAD "13"
Shape 사각형 Layer back
position 16.499840  3.147440  size  1.800000  8.000000  orientation 0.00
drill  0.000000
shape_offset  0.000000  0.000000
$EndPAD
$PAD "14"
Shape 사각형 Layer front
position 16.499840  3.147440  size  1.800000  8.000000  orientation 0.00
drill  0.000000
shape_offset  0.000000  0.000000
$EndPAD
$PAD "15"
Shape 사각형 Layer back
position 13.959840  3.147440  size  1.800000  8.000000  orientation 0.00
drill  0.000000
shape_offset  0.000000  0.000000
$EndPAD
$PAD "16"
Shape 사각형 Layer front
position 13.959840  3.147440  size  1.800000  8.000000  orientation 0.00
drill  0.000000
shape_offset  0.000000  0.000000
$EndPAD
$PAD "17"
Shape 사각형 Layer back
position 11.419840  3.147440  size  1.800000  8.000000  orientation 0.00
drill  0.000000
shape_offset  0.000000  0.000000
$EndPAD
$PAD "18"
Shape 사각형 Layer front
position 11.419840  3.147440  size  1.800000  8.000000  orientation 0.00
drill  0.000000
shape_offset  0.000000  0.000000
$EndPAD
$PAD "19"
Shape 사각형 Layer back
position  8.879840  3.147440  size  1.800000  8.000000  orientation 0.00
drill  0.000000
shape_offset  0.000000  0.000000
$EndPAD
$PAD "20"
Shape 사각형 Layer front
position  8.879840  3.147440  size  1.800000  8.000000  orientation 0.00
drill  0.000000
shape_offset  0.000000  0.000000
$EndPAD
$PAD "21"
Shape 사각형 Layer back
position  6.339840  3.147440  size  1.800000  8.000000  orientation 0.00
drill  0.000000
shape_offset  0.000000  0.000000
$EndPAD
$PAD "22"
Shape 사각형 Layer front
position  6.339840  3.147440  size  1.800000  8.000000  orientation 0.00
drill  0.000000
shape_offset  0.000000  0.000000
$EndPAD
$PAD "23"
Shape 사각형 Layer back
position  3.799840  3.147440  size  1.800000  8.000000  orientation 0.00
drill  0.000000
shape_offset  0.000000  0.000000
$EndPAD
$PAD "24"
Shape 사각형 Layer front
position  3.799840  3.147440  size  1.800000  8.000000  orientation 0.00
drill  0.000000
shape_offset  0.000000  0.000000
$EndPAD
$PAD "25"
Shape 사각형 Layer back
position  1.259840  3.147440  size  1.800000  8.000000  orientation 0.00
drill  0.000000
shape_offset  0.000000  0.000000
$EndPAD
$PAD "26"
Shape 사각형 Layer front
position  1.259840  3.147440  size  1.800000  8.000000  orientation 0.00
drill  0.000000
shape_offset  0.000000  0.000000
$EndPAD
$PAD "27"
Shape 사각형 Layer back
position -1.280160  3.147440  size  1.800000  8.000000  orientation 0.00
drill  0.000000
shape_offset  0.000000  0.000000
$EndPAD
$PAD "28"
Shape 사각형 Layer front
position -1.280160  3.147440  size  1.800000  8.000000  orientation 0.00
drill  0.000000
shape_offset  0.000000  0.000000
$EndPAD
$PAD "29"
Shape 사각형 Layer back
position -3.820160  3.147440  size  1.800000  8.000000  orientation 0.00
drill  0.000000
shape_offset  0.000000  0.000000
$EndPAD
$PAD "30"
Shape 사각형 Layer front
position -3.820160  3.147440  size  1.800000  8.000000  orientation 0.00
drill  0.000000
shape_offset  0.000000  0.000000
$EndPAD
$PAD "31"
Shape 사각형 Layer back
position -6.360160  3.147440  size  1.800000  8.000000  orientation 0.00
drill  0.000000
shape_offset  0.000000  0.000000
$EndPAD
$PAD "32"
Shape 사각형 Layer front
position -6.360160  3.147440  size  1.800000  8.000000  orientation 0.00
drill  0.000000
shape_offset  0.000000  0.000000
$EndPAD
$PAD "33"
Shape 사각형 Layer back
position -8.900160  3.147440  size  1.800000  8.000000  orientation 0.00
drill  0.000000
shape_offset  0.000000  0.000000
$EndPAD
$PAD "34"
Shape 사각형 Layer front
position -8.900160  3.147440  size  1.800000  8.000000  orientation 0.00
drill  0.000000
shape_offset  0.000000  0.000000
$EndPAD
$PAD "35"
Shape 사각형 Layer back
position -11.440160  3.147440  size  1.800000  8.000000  orientation 0.00
drill  0.000000
shape_offset  0.000000  0.000000
$EndPAD
$PAD "36"
Shape 사각형 Layer front
position -11.440160  3.147440  size  1.800000  8.000000  orientation 0.00
drill  0.000000
shape_offset  0.000000  0.000000
$EndPAD
$PAD "37"
Shape 사각형 Layer back
position -13.980160  3.147440  size  1.800000  8.000000  orientation 0.00
drill  0.000000
shape_offset  0.000000  0.000000
$EndPAD
$PAD "38"
Shape 사각형 Layer front
position -13.980160  3.147440  size  1.800000  8.000000  orientation 0.00
drill  0.000000
shape_offset  0.000000  0.000000
$EndPAD
$PAD "39"
Shape 사각형 Layer back
position -16.520160  3.147440  size  1.800000  8.000000  orientation 0.00
drill  0.000000
shape_offset  0.000000  0.000000
$EndPAD
$PAD "40"
Shape 사각형 Layer front
position -16.520160  3.147440  size  1.800000  8.000000  orientation 0.00
drill  0.000000
shape_offset  0.000000  0.000000
$EndPAD
$PAD "41"
Shape 사각형 Layer back
position -19.060160  3.147440  size  1.800000  8.000000  orientation 0.00
drill  0.000000
shape_offset  0.000000  0.000000
$EndPAD
$PAD "42"
Shape 사각형 Layer front
position -19.060160  3.147440  size  1.800000  8.000000  orientation 0.00
drill  0.000000
shape_offset  0.000000  0.000000
$EndPAD
$PAD "43"
Shape 사각형 Layer back
position -21.600160  3.147440  size  1.800000  8.000000  orientation 0.00
drill  0.000000
shape_offset  0.000000  0.000000
$EndPAD
$PAD "44"
Shape 사각형 Layer front
position -21.605240  2.654680  size  1.800000  7.000000  orientation 0.00
drill  0.000000
shape_offset  0.000000  0.000000
$EndPAD
$PAD "45"
Shape 사각형 Layer back
position -24.140160  3.147440  size  1.800000  8.000000  orientation 0.00
drill  0.000000
shape_offset  0.000000  0.000000
$EndPAD
$PAD "46"
Shape 사각형 Layer front
position -24.140160  3.147440  size  1.800000  8.000000  orientation 0.00
drill  0.000000
shape_offset  0.000000  0.000000
$EndPAD
$PAD "47"
Shape 사각형 Layer back
position -26.680160  3.147440  size  1.800000  8.000000  orientation 0.00
drill  0.000000
shape_offset  0.000000  0.000000
$EndPAD
$PAD "48"
Shape 사각형 Layer front
position -26.680160  3.147440  size  1.800000  8.000000  orientation 0.00
drill  0.000000
shape_offset  0.000000  0.000000
$EndPAD
$PAD "49"
Shape 사각형 Layer back
position -29.220160  3.147440  size  1.800000  8.000000  orientation 0.00
drill  0.000000
shape_offset  0.000000  0.000000
$EndPAD
$PAD "50"
Shape 사각형 Layer front
position -29.220160  3.147440  size  1.800000  8.000000  orientation 0.00
drill  0.000000
shape_offset  0.000000  0.000000
$EndPAD
$PAD ""
Shape 원 Layer both
position -26.875740 -12.984480  size  4.500000  4.500000  orientation 0.00
drill  4.500000
shape_offset  0.000000  0.000000
$EndPAD
$EndMODULE  P1

$MODULE "C1"
reference "C1"
value "CP"
footprint "Capacitors_SMD:CP_Elec_4x4.5"
attribut smd
position 119.062000 97.218500  orientation 0.00
layer front
$PAD "1"
Shape 사각형 Layer front
position -1.800000  0.000000  size  2.600000  1.600000  orientation 180.00
drill  0.000000
shape_offset  0.000000  0.000000
$EndPAD
$PAD "2"
Shape 사각형 Layer front
position  1.800000  0.000000  size  2.600000  1.600000  orientation 180.00
drill  0.000000
shape_offset  0.000000  0.000000
$EndPAD
$EndMODULE  C1

$MODULE "C2"
reference "C2"
value "C"
footprint "Capacitors_SMD:C_0603_HandSoldering"
attribut smd
position 116.901000 101.346000  orientation 0.00
layer back
$PAD "1"
Shape 사각형 Layer back
position -0.950000  0.000000  size  1.200000  0.750000  orientation 0.00
drill  0.000000
shape_offset  0.000000  0.000000
$EndPAD
$PAD "2"
Shape 사각형 Layer back
position  0.950000  0.000000  size  1.200000  0.750000  orientation 0.00
drill  0.000000
shape_offset  0.000000  0.000000
$EndPAD
$EndMODULE  C2

$MODULE "D1"
reference "D1"
value "LED_RGB"
footprint "LEDs:LED_RGB_5050-6"
attribut smd
position 117.869000 54.053000  orientation 0.00
layer front
$PAD "1"
Shape 사각형 Layer front
position -2.400000 -1.700000  size  1.100000  2.000000  orientation 90.00
drill  0.000000
shape_offset  0.000000  0.000000
$EndPAD
$PAD "2"
Shape 사각형 Layer front
position -2.400000  0.000000  size  1.100000  2.000000  orientation 90.00
drill  0.000000
shape_offset  0.000000  0.000000
$EndPAD
$PAD "3"
Shape 사각형 Layer front
position -2.400000  1.700000  size  1.100000  2.000000  orientation 90.00
drill  0.000000
shape_offset  0.000000  0.000000
$EndPAD
$PAD "4"
Shape 사각형 Layer front
position  2.400000  1.700000  size  1.100000  2.000000  orientation 90.00
drill  0.000000
shape_offset  0.000000  0.000000
$EndPAD
$PAD "5"
Shape 사각형 Layer front
position  2.400000  0.000000  size  1.100000  2.000000  orientation 90.00
drill  0.000000
shape_offset  0.000000  0.000000
$EndPAD
$PAD "6"
Shape 사각형 Layer front
position  2.400000 -1.700000  size  1.100000  2.000000  orientation 90.00
drill  0.000000
shape_offset  0.000000  0.000000
$EndPAD
$EndMODULE  D1

$MODULE "R1"
reference "R1"
value "R"
footprint "Resistors_SMD:R_0603_HandSoldering"
attribut smd
position 121.602000 52.324000  orientation 0.00
layer back
$PAD "1"
Shape 사각형 Layer back
position -1.100000  0.000000  size  1.200000  0.900000  orientation 0.00
drill  0.000000
shape_offset  0.000000  0.000000
$EndPAD
$PAD "2"
Shape 사각형 Layer back
position  1.100000  0.000000  size  1.200000  0.900000  orientation 0.00
drill  0.000000
shape_offset  0.000000  0.000000
$EndPAD
$EndMODULE  R1

$MODULE "R2"
reference "R2"
value "R"
footprint "Resistors_SMD:R_0603_HandSoldering"
attribut smd
position 121.602000 54.038500  orientation 0.00
layer back
$PAD "1"
Shape 사각형 Layer back
position -1.100000  0.000000  size  1.200000  0.900000  orientation 0.00
drill  0.000000
shape_offset  0.000000  0.000000
$EndPAD
$PAD "2"
Shape 사각형 Layer back
position  1.100000  0.000000  size  1.200000  0.900000  orientation 0.00
drill  0.000000
shape_offset  0.000000  0.000000
$EndPAD
$EndMODULE  R2

$MODULE "R3"
reference "R3"
value "R"
footprint "Resistors_SMD:R_0603_HandSoldering"
attribut smd
position 121.602000 55.753000  orientation 0.00
layer back
$PAD "1"
Shape 사각형 Layer back
position -1.100000  0.000000  size  1.200000  0.900000  orientation 0.00
drill  0.000000
shape_offset  0.000000  0.000000
$EndPAD
$PAD "2"
Shape 사각형 Layer back
position  1.100000  0.000000  size  1.200000  0.900000  orientation 0.00
drill  0.000000
shape_offset  0.000000  0.000000
$EndPAD
$EndMODULE  R3

$MODULE "R4"
reference "R4"
value "R"
footprint "Resistors_SMD:R_0603_HandSoldering"
attribut smd
position 121.328000 101.346000  orientation 0.00
layer back
$PAD "1"
Shape 사각형 Layer back
position -1.100000  0.000000  size  1.200000  0.900000  orientation 0.00
drill  0.000000
shape_offset  0.000000  0.000000
$EndPAD
$PAD "2"
Shape 사각형 Layer back
position  1.100000  0.000000  size  1.200000  0.900000  orientation 0.00
drill  0.000000
shape_offset  0.000000  0.000000
$EndPAD
$EndMODULE  R4

$MODULE "R5"
reference "R5"
value "R"
footprint "Resistors_SMD:R_0603_HandSoldering"
attribut smd
position 118.978000 97.218500  orientation 0.00
layer back
$PAD "1"
Shape 사각형 Layer back
position -1.100000  0.000000  size  1.200000  0.900000  orientation 0.00
drill  0.000000
shape_offset  0.000000  0.000000
$EndPAD
$PAD "2"
Shape 사각형 Layer back
position  1.100000  0.000000  size  1.200000  0.900000  orientation 0.00
drill  0.000000
shape_offset  0.000000  0.000000
$EndPAD
$EndMODULE  R5

$MODULE "U1"
reference "U1"
value "74HC244"
footprint "Housings_SOIC:SOIC-20W_7.5x12.8mm_Pitch1.27mm"
attribut smd
position 131.394000 76.683600  orientation 90.00
layer front
$PAD "1"
Shape 사각형 Layer front
position -4.700000 -5.715000  size  1.950000  0.600000  orientation 0.00
drill  0.000000
shape_offset  0.000000  0.000000
$EndPAD
$PAD "2"
Shape 사각형 Layer front
position -4.700000 -4.445000  size  1.950000  0.600000  orientation 0.00
drill  0.000000
shape_offset  0.000000  0.000000
$EndPAD
$PAD "3"
Shape 사각형 Layer front
position -4.700000 -3.175000  size  1.950000  0.600000  orientation 0.00
drill  0.000000
shape_offset  0.000000  0.000000
$EndPAD
$PAD "4"
Shape 사각형 Layer front
position -4.700000 -1.905000  size  1.950000  0.600000  orientation 0.00
drill  0.000000
shape_offset  0.000000  0.000000
$EndPAD
$PAD "5"
Shape 사각형 Layer front
position -4.700000 -0.635000  size  1.950000  0.600000  orientation 0.00
drill  0.000000
shape_offset  0.000000  0.000000
$EndPAD
$PAD "6"
Shape 사각형 Layer front
position -4.700000  0.635000  size  1.950000  0.600000  orientation 0.00
drill  0.000000
shape_offset  0.000000  0.000000
$EndPAD
$PAD "7"
Shape 사각형 Layer front
position -4.700000  1.905000  size  1.950000  0.600000  orientation 0.00
drill  0.000000
shape_offset  0.000000  0.000000
$EndPAD
$PAD "8"
Shape 사각형 Layer front
position -4.700000  3.175000  size  1.950000  0.600000  orientation 0.00
drill  0.000000
shape_offset  0.000000  0.000000
$EndPAD
$PAD "9"
Shape 사각형 Layer front
position -4.700000  4.445000  size  1.950000  0.600000  orientation 0.00
drill  0.000000
shape_offset  0.000000  0.000000
$EndPAD
$PAD "10"
Shape 사각형 Layer front
position -4.700000  5.715000  size  1.950000  0.600000  orientation 0.00
drill  0.000000
shape_offset  0.000000  0.000000
$EndPAD
$PAD "11"
Shape 사각형 Layer front
position  4.700000  5.715000  size  1.950000  0.600000  orientation 0.00
drill  0.000000
shape_offset  0.000000  0.000000
$EndPAD
$PAD "12"
Shape 사각형 Layer front
position  4.700000  4.445000  size  1.950000  0.600000  orientation 0.00
drill  0.000000
shape_offset  0.000000  0.000000
$EndPAD
$PAD "13"
Shape 사각형 Layer front
position  4.700000  3.175000  size  1.950000  0.600000  orientation 0.00
drill  0.000000
shape_offset  0.000000  0.000000
$EndPAD
$PAD "14"
Shape 사각형 Layer front
position  4.700000  1.905000  size  1.950000  0.600000  orientation 0.00
drill  0.000000
shape_offset  0.000000  0.000000
$EndPAD
$PAD "15"
Shape 사각형 Layer front
position  4.700000  0.635000  size  1.950000  0.600000  orientation 0.00
drill  0.000000
shape_offset  0.000000  0.000000
$EndPAD
$PAD "16"
Shape 사각형 Layer front
position  4.700000 -0.635000  size  1.950000  0.600000  orientation 0.00
drill  0.000000
shape_offset  0.000000  0.000000
$EndPAD
$PAD "17"
Shape 사각형 Layer front
position  4.700000 -1.905000  size  1.950000  0.600000  orientation 0.00
drill  0.000000
shape_offset  0.000000  0.000000
$EndPAD
$PAD "18"
Shape 사각형 Layer front
position  4.700000 -3.175000  size  1.950000  0.600000  orientation 0.00
drill  0.000000
shape_offset  0.000000  0.000000
$EndPAD
$PAD "19"
Shape 사각형 Layer front
position  4.700000 -4.445000  size  1.950000  0.600000  orientation 0.00
drill  0.000000
shape_offset  0.000000  0.000000
$EndPAD
$PAD "20"
Shape 사각형 Layer front
position  4.700000 -5.715000  size  1.950000  0.600000  orientation 0.00
drill  0.000000
shape_offset  0.000000  0.000000
$EndPAD
$EndMODULE  U1

$MODULE "U2"
reference "U2"
value "74HC244"
footprint "Housings_SOIC:SOIC-20W_7.5x12.8mm_Pitch1.27mm"
attribut smd
position 115.595000 76.683600  orientation 90.00
layer front
$PAD "1"
Shape 사각형 Layer front
position -4.700000 -5.715000  size  1.950000  0.600000  orientation 0.00
drill  0.000000
shape_offset  0.000000  0.000000
$EndPAD
$PAD "2"
Shape 사각형 Layer front
position -4.700000 -4.445000  size  1.950000  0.600000  orientation 0.00
drill  0.000000
shape_offset  0.000000  0.000000
$EndPAD
$PAD "3"
Shape 사각형 Layer front
position -4.700000 -3.175000  size  1.950000  0.600000  orientation 0.00
drill  0.000000
shape_offset  0.000000  0.000000
$EndPAD
$PAD "4"
Shape 사각형 Layer front
position -4.700000 -1.905000  size  1.950000  0.600000  orientation 0.00
drill  0.000000
shape_offset  0.000000  0.000000
$EndPAD
$PAD "5"
Shape 사각형 Layer front
position -4.700000 -0.635000  size  1.950000  0.600000  orientation 0.00
drill  0.000000
shape_offset  0.000000  0.000000
$EndPAD
$PAD "6"
Shape 사각형 Layer front
position -4.700000  0.635000  size  1.950000  0.600000  orientation 0.00
drill  0.000000
shape_offset  0.000000  0.000000
$EndPAD
$PAD "7"
Shape 사각형 Layer front
position -4.700000  1.905000  size  1.950000  0.600000  orientation 0.00
drill  0.000000
shape_offset  0.000000  0.000000
$EndPAD
$PAD "8"
Shape 사각형 Layer front
position -4.700000  3.175000  size  1.950000  0.600000  orientation 0.00
drill  0.000000
shape_offset  0.000000  0.000000
$EndPAD
$PAD "9"
Shape 사각형 Layer front
position -4.700000  4.445000  size  1.950000  0.600000  orientation 0.00
drill  0.000000
shape_offset  0.000000  0.000000
$EndPAD
$PAD "10"
Shape 사각형 Layer front
position -4.700000  5.715000  size  1.950000  0.600000  orientation 0.00
drill  0.000000
shape_offset  0.000000  0.000000
$EndPAD
$PAD "11"
Shape 사각형 Layer front
position  4.700000  5.715000  size  1.950000  0.600000  orientation 0.00
drill  0.000000
shape_offset  0.000000  0.000000
$EndPAD
$PAD "12"
Shape 사각형 Layer front
position  4.700000  4.445000  size  1.950000  0.600000  orientation 0.00
drill  0.000000
shape_offset  0.000000  0.000000
$EndPAD
$PAD "13"
Shape 사각형 Layer front
position  4.700000  3.175000  size  1.950000  0.600000  orientation 0.00
drill  0.000000
shape_offset  0.000000  0.000000
$EndPAD
$PAD "14"
Shape 사각형 Layer front
position  4.700000  1.905000  size  1.950000  0.600000  orientation 0.00
drill  0.000000
shape_offset  0.000000  0.000000
$EndPAD
$PAD "15"
Shape 사각형 Layer front
position  4.700000  0.635000  size  1.950000  0.600000  orientation 0.00
drill  0.000000
shape_offset  0.000000  0.000000
$EndPAD
$PAD "16"
Shape 사각형 Layer front
position  4.700000 -0.635000  size  1.950000  0.600000  orientation 0.00
drill  0.000000
shape_offset  0.000000  0.000000
$EndPAD
$PAD "17"
Shape 사각형 Layer front
position  4.700000 -1.905000  size  1.950000  0.600000  orientation 0.00
drill  0.000000
shape_offset  0.000000  0.000000
$EndPAD
$PAD "18"
Shape 사각형 Layer front
position  4.700000 -3.175000  size  1.950000  0.600000  orientation 0.00
drill  0.000000
shape_offset  0.000000  0.000000
$EndPAD
$PAD "19"
Shape 사각형 Layer front
position  4.700000 -4.445000  size  1.950000  0.600000  orientation 0.00
drill  0.000000
shape_offset  0.000000  0.000000
$EndPAD
$PAD "20"
Shape 사각형 Layer front
position  4.700000 -5.715000  size  1.950000  0.600000  orientation 0.00
drill  0.000000
shape_offset  0.000000  0.000000
$EndPAD
$EndMODULE  U2

$MODULE "U3"
reference "U3"
value "74LS07"
footprint "Housings_SOIC:SOIC-14_3.9x8.7mm_Pitch1.27mm"
attribut smd
position 124.010000 66.649600  orientation 180.00
layer back
$PAD "1"
Shape 사각형 Layer back
position -2.700000  3.810000  size  1.500000  0.600000  orientation 0.00
drill  0.000000
shape_offset  0.000000  0.000000
$EndPAD
$PAD "2"
Shape 사각형 Layer back
position -2.700000  2.540000  size  1.500000  0.600000  orientation 0.00
drill  0.000000
shape_offset  0.000000  0.000000
$EndPAD
$PAD "3"
Shape 사각형 Layer back
position -2.700000  1.270000  size  1.500000  0.600000  orientation 0.00
drill  0.000000
shape_offset  0.000000  0.000000
$EndPAD
$PAD "4"
Shape 사각형 Layer back
position -2.700000  0.000000  size  1.500000  0.600000  orientation 0.00
drill  0.000000
shape_offset  0.000000  0.000000
$EndPAD
$PAD "5"
Shape 사각형 Layer back
position -2.700000 -1.270000  size  1.500000  0.600000  orientation 0.00
drill  0.000000
shape_offset  0.000000  0.000000
$EndPAD
$PAD "6"
Shape 사각형 Layer back
position -2.700000 -2.540000  size  1.500000  0.600000  orientation 0.00
drill  0.000000
shape_offset  0.000000  0.000000
$EndPAD
$PAD "7"
Shape 사각형 Layer back
position -2.700000 -3.810000  size  1.500000  0.600000  orientation 0.00
drill  0.000000
shape_offset  0.000000  0.000000
$EndPAD
$PAD "8"
Shape 사각형 Layer back
position  2.700000 -3.810000  size  1.500000  0.600000  orientation 0.00
drill  0.000000
shape_offset  0.000000  0.000000
$EndPAD
$PAD "9"
Shape 사각형 Layer back
position  2.700000 -2.540000  size  1.500000  0.600000  orientation 0.00
drill  0.000000
shape_offset  0.000000  0.000000
$EndPAD
$PAD "10"
Shape 사각형 Layer back
position  2.700000 -1.270000  size  1.500000  0.600000  orientation 0.00
drill  0.000000
shape_offset  0.000000  0.000000
$EndPAD
$PAD "11"
Shape 사각형 Layer back
position  2.700000  0.000000  size  1.500000  0.600000  orientation 0.00
drill  0.000000
shape_offset  0.000000  0.000000
$EndPAD
$PAD "12"
Shape 사각형 Layer back
position  2.700000  1.270000  size  1.500000  0.600000  orientation 0.00
drill  0.000000
shape_offset  0.000000  0.000000
$EndPAD
$PAD "13"
Shape 사각형 Layer back
position  2.700000  2.540000  size  1.500000  0.600000  orientation 0.00
drill  0.000000
shape_offset  0.000000  0.000000
$EndPAD
$PAD "14"
Shape 사각형 Layer back
position  2.700000  3.810000  size  1.500000  0.600000  orientation 0.00
drill  0.000000
shape_offset  0.000000  0.000000
$EndPAD
$EndMODULE  U3

$MODULE "U4"
reference "U4"
value "74HC244"
footprint "Housings_SOIC:SOIC-20W_7.5x12.8mm_Pitch1.27mm"
attribut smd
position 132.207000 81.712800  orientation 90.00
layer back
$PAD "1"
Shape 사각형 Layer back
position -4.700000  5.715000  size  1.950000  0.600000  orientation 0.00
drill  0.000000
shape_offset  0.000000  0.000000
$EndPAD
$PAD "2"
Shape 사각형 Layer back
position -4.700000  4.445000  size  1.950000  0.600000  orientation 0.00
drill  0.000000
shape_offset  0.000000  0.000000
$EndPAD
$PAD "3"
Shape 사각형 Layer back
position -4.700000  3.175000  size  1.950000  0.600000  orientation 0.00
drill  0.000000
shape_offset  0.000000  0.000000
$EndPAD
$PAD "4"
Shape 사각형 Layer back
position -4.700000  1.905000  size  1.950000  0.600000  orientation 0.00
drill  0.000000
shape_offset  0.000000  0.000000
$EndPAD
$PAD "5"
Shape 사각형 Layer back
position -4.700000  0.635000  size  1.950000  0.600000  orientation 0.00
drill  0.000000
shape_offset  0.000000  0.000000
$EndPAD
$PAD "6"
Shape 사각형 Layer back
position -4.700000 -0.635000  size  1.950000  0.600000  orientation 0.00
drill  0.000000
shape_offset  0.000000  0.000000
$EndPAD
$PAD "7"
Shape 사각형 Layer back
position -4.700000 -1.905000  size  1.950000  0.600000  orientation 0.00
drill  0.000000
shape_offset  0.000000  0.000000
$EndPAD
$PAD "8"
Shape 사각형 Layer back
position -4.700000 -3.175000  size  1.950000  0.600000  orientation 0.00
drill  0.000000
shape_offset  0.000000  0.000000
$EndPAD
$PAD "9"
Shape 사각형 Layer back
position -4.700000 -4.445000  size  1.950000  0.600000  orientation 0.00
drill  0.000000
shape_offset  0.000000  0.000000
$EndPAD
$PAD "10"
Shape 사각형 Layer back
position -4.700000 -5.715000  size  1.950000  0.600000  orientation 0.00
drill  0.000000
shape_offset  0.000000  0.000000
$EndPAD
$PAD "11"
Shape 사각형 Layer back
position  4.700000 -5.715000  size  1.950000  0.600000  orientation 0.00
drill  0.000000
shape_offset  0.000000  0.000000
$EndPAD
$PAD "12"
Shape 사각형 Layer back
position  4.700000 -4.445000  size  1.950000  0.600000  orientation 0.00
drill  0.000000
shape_offset  0.000000  0.000000
$EndPAD
$PAD "13"
Shape 사각형 Layer back
position  4.700000 -3.175000  size  1.950000  0.600000  orientation 0.00
drill  0.000000
shape_offset  0.000000  0.000000
$EndPAD
$PAD "14"
Shape 사각형 Layer back
position  4.700000 -1.905000  size  1.950000  0.600000  orientation 0.00
drill  0.000000
shape_offset  0.000000  0.000000
$EndPAD
$PAD "15"
Shape 사각형 Layer back
position  4.700000 -0.635000  size  1.950000  0.600000  orientation 0.00
drill  0.000000
shape_offset  0.000000  0.000000
$EndPAD
$PAD "16"
Shape 사각형 Layer back
position  4.700000  0.635000  size  1.950000  0.600000  orientation 0.00
drill  0.000000
shape_offset  0.000000  0.000000
$EndPAD
$PAD "17"
Shape 사각형 Layer back
position  4.700000  1.905000  size  1.950000  0.600000  orientation 0.00
drill  0.000000
shape_offset  0.000000  0.000000
$EndPAD
$PAD "18"
Shape 사각형 Layer back
position  4.700000  3.175000  size  1.950000  0.600000  orientation 0.00
drill  0.000000
shape_offset  0.000000  0.000000
$EndPAD
$PAD "19"
Shape 사각형 Layer back
position  4.700000  4.445000  size  1.950000  0.600000  orientation 0.00
drill  0.000000
shape_offset  0.000000  0.000000
$EndPAD
$PAD "20"
Shape 사각형 Layer back
position  4.700000  5.715000  size  1.950000  0.600000  orientation 0.00
drill  0.000000
shape_offset  0.000000  0.000000
$EndPAD
$EndMODULE  U4

$MODULE "U5"
reference "U5"
value "LVC4245"
footprint "Housings_SOIC:SOIC-24W_7.5x15.4mm_Pitch1.27mm"
attribut smd
position 114.884000 81.763600  orientation 90.00
layer back
$PAD "1"
Shape 사각형 Layer back
position -4.700000  6.985000  size  2.000000  0.600000  orientation 0.00
drill  0.000000
shape_offset  0.000000  0.000000
$EndPAD
$PAD "2"
Shape 사각형 Layer back
position -4.700000  5.715000  size  2.000000  0.600000  orientation 0.00
drill  0.000000
shape_offset  0.000000  0.000000
$EndPAD
$PAD "3"
Shape 사각형 Layer back
position -4.700000  4.445000  size  2.000000  0.600000  orientation 0.00
drill  0.000000
shape_offset  0.000000  0.000000
$EndPAD
$PAD "4"
Shape 사각형 Layer back
position -4.700000  3.175000  size  2.000000  0.600000  orientation 0.00
drill  0.000000
shape_offset  0.000000  0.000000
$EndPAD
$PAD "5"
Shape 사각형 Layer back
position -4.700000  1.905000  size  2.000000  0.600000  orientation 0.00
drill  0.000000
shape_offset  0.000000  0.000000
$EndPAD
$PAD "6"
Shape 사각형 Layer back
position -4.700000  0.635000  size  2.000000  0.600000  orientation 0.00
drill  0.000000
shape_offset  0.000000  0.000000
$EndPAD
$PAD "7"
Shape 사각형 Layer back
position -4.700000 -0.635000  size  2.000000  0.600000  orientation 0.00
drill  0.000000
shape_offset  0.000000  0.000000
$EndPAD
$PAD "8"
Shape 사각형 Layer back
position -4.700000 -1.905000  size  2.000000  0.600000  orientation 0.00
drill  0.000000
shape_offset  0.000000  0.000000
$EndPAD
$PAD "9"
Shape 사각형 Layer back
position -4.700000 -3.175000  size  2.000000  0.600000  orientation 0.00
drill  0.000000
shape_offset  0.000000  0.000000
$EndPAD
$PAD "10"
Shape 사각형 Layer back
position -4.700000 -4.445000  size  2.000000  0.600000  orientation 0.00
drill  0.000000
shape_offset  0.000000  0.000000
$EndPAD
$PAD "11"
Shape 사각형 Layer back
position -4.700000 -5.715000  size  2.000000  0.600000  orientation 0.00
drill  0.000000
shape_offset  0.000000  0.000000
$EndPAD
$PAD "12"
Shape 사각형 Layer back
position -4.700000 -6.985000  size  2.000000  0.600000  orientation 0.00
drill  0.000000
shape_offset  0.000000  0.000000
$EndPAD
$PAD "13"
Shape 사각형 Layer back
position  4.700000 -6.985000  size  2.000000  0.600000  orientation 0.00
drill  0.000000
shape_offset  0.000000  0.000000
$EndPAD
$PAD "14"
Shape 사각형 Layer back
position  4.700000 -5.715000  size  2.000000  0.600000  orientation 0.00
drill  0.000000
shape_offset  0.000000  0.000000
$EndPAD
$PAD "15"
Shape 사각형 Layer back
position  4.700000 -4.445000  size  2.000000  0.600000  orientation 0.00
drill  0.000000
shape_offset  0.000000  0.000000
$EndPAD
$PAD "16"
Shape 사각형 Layer back
position  4.700000 -3.175000  size  2.000000  0.600000  orientation 0.00
drill  0.000000
shape_offset  0.000000  0.000000
$EndPAD
$PAD "17"
Shape 사각형 Layer back
position  4.700000 -1.905000  size  2.000000  0.600000  orientation 0.00
drill  0.000000
shape_offset  0.000000  0.000000
$EndPAD
$PAD "18"
Shape 사각형 Layer back
position  4.700000 -0.635000  size  2.000000  0.600000  orientation 0.00
drill  0.000000
shape_offset  0.000000  0.000000
$EndPAD
$PAD "19"
Shape 사각형 Layer back
position  4.700000  0.635000  size  2.000000  0.600000  orientation 0.00
drill  0.000000
shape_offset  0.000000  0.000000
$EndPAD
$PAD "20"
Shape 사각형 Layer back
position  4.700000  1.905000  size  2.000000  0.600000  orientation 0.00
drill  0.000000
shape_offset  0.000000  0.000000
$EndPAD
$PAD "21"
Shape 사각형 Layer back
position  4.700000  3.175000  size  2.000000  0.600000  orientation 0.00
drill  0.000000
shape_offset  0.000000  0.000000
$EndPAD
$PAD "22"
Shape 사각형 Layer back
position  4.700000  4.445000  size  2.000000  0.600000  orientation 0.00
drill  0.000000
shape_offset  0.000000  0.000000
$EndPAD
$PAD "23"
Shape 사각형 Layer back
position  4.700000  5.715000  size  2.000000  0.600000  orientation 0.00
drill  0.000000
shape_offset  0.000000  0.000000
$EndPAD
$PAD "24"
Shape 사각형 Layer back
position  4.700000  6.985000  size  2.000000  0.600000  orientation 0.00
drill  0.000000
shape_offset  0.000000  0.000000
$EndPAD
$EndMODULE  U5

$MODULE "J2"
reference "J2"
value "Conn_01x04"
footprint "Pin_Headers:Pin_Header_Straight_1x04_Pitch2.54mm"
attribut none
position 108.331000 52.768500  orientation 0.00
layer front
$PAD "1"
Shape 사각형 Layer both
position  0.000000  0.000000  size  1.700000  1.700000  orientation 0.00
drill  0.773000
shape_offset  0.000000  0.000000
$EndPAD
$PAD "2"
Shape 타원형 Layer both
position  0.000000  2.540000  size  1.700000  1.700000  orientation 0.00
drill  0.773000
shape_offset  0.000000  0.000000
$EndPAD
$PAD "3"
Shape 타원형 Layer both
position  0.000000  5.080000  size  1.700000  1.700000  orientation 0.00
drill  0.773000
shape_offset  0.000000  0.000000
$EndPAD
$PAD "4"
Shape 타원형 Layer both
position  0.000000  7.620000  size  1.700000  1.700000  orientation 0.00
drill  0.773000
shape_offset  0.000000  0.000000
$EndPAD
$EndMODULE  J2

$MODULE "G2"
reference "G2"
value "LOGO"
footprint "MSX:LOGO"
attribut none
position 116.738400 66.395600  orientation 0.00
layer front
$EndMODULE  G2

$MODULE "G3"
reference "G3"
value "LOGO"
footprint "MSX:raspberry_pi_logo"
attribut none
position 138.328400 96.215200  orientation 0.00
layer front
$EndMODULE  G3

$MODULE "G1"
reference "G1"
value "LOGO"
footprint "MSX:srxg10"
attribut none
position 137.922000 55.473600  orientation 0.00
layer front
$EndMODULE  G1

$EndDESCRIPTION
