Flow report for msxslotreader
Sat Apr 23 12:45:24 2016
Quartus II 64-Bit Version 13.1.0 Build 162 10/23/2013 SJ Web Edition


---------------------
; Table of Contents ;
---------------------
  1. Legal Notice
  2. Flow Summary
  3. Flow Settings
  4. Flow Non-Default Global Settings
  5. Flow Elapsed Time
  6. Flow OS Summary
  7. Flow Log
  8. Flow Messages
  9. Flow Suppressed Messages



----------------
; Legal Notice ;
----------------
Copyright (C) 1991-2013 Altera Corporation
Your use of Altera Corporation's design tools, logic functions 
and other software and tools, and its AMPP partner logic 
functions, and any output files from any of the foregoing 
(including device programming or simulation files), and any 
associated documentation or information are expressly subject 
to the terms and conditions of the Altera Program License 
Subscription Agreement, Altera MegaCore Function License 
Agreement, or other applicable license agreement, including, 
without limitation, that your use is for the sole purpose of 
programming logic devices manufactured by Altera and sold by 
Altera or its authorized distributors.  Please refer to the 
applicable agreement for further details.



+------------------------------------------------------------------------+
; Flow Summary                                                           ;
+---------------------------+--------------------------------------------+
; Flow Status               ; Successful - Sat Apr 23 12:45:24 2016      ;
; Quartus II 64-Bit Version ; 13.1.0 Build 162 10/23/2013 SJ Web Edition ;
; Revision Name             ; msxslotreader                              ;
; Top-level Entity Name     ; msxbus                                     ;
; Family                    ; MAX II                                     ;
; Device                    ; EPM240T100C5                               ;
; Timing Models             ; Final                                      ;
; Total logic elements      ; 75 / 240 ( 31 % )                          ;
; Total pins                ; 71 / 80 ( 89 % )                           ;
; Total virtual pins        ; 0                                          ;
; UFM blocks                ; 0 / 1 ( 0 % )                              ;
+---------------------------+--------------------------------------------+


+-----------------------------------------+
; Flow Settings                           ;
+-------------------+---------------------+
; Option            ; Setting             ;
+-------------------+---------------------+
; Start date & time ; 04/23/2016 12:41:37 ;
; Main task         ; Compilation         ;
; Revision Name     ; msxslotreader       ;
+-------------------+---------------------+


+--------------------------------------------------------------------------------------------------------------------------------+
; Flow Non-Default Global Settings                                                                                               ;
+---------------------------------------+--------------------------------+---------------+-------------+-------------------------+
; Assignment Name                       ; Value                          ; Default Value ; Entity Name ; Section Id              ;
+---------------------------------------+--------------------------------+---------------+-------------+-------------------------+
; COMPILER_SIGNATURE_ID                 ; 10995770589184.146138289709424 ; --            ; --          ; --                      ;
; EDA_BOARD_DESIGN_TIMING_TOOL          ; Stamp (Timing)                 ; <None>        ; --          ; --                      ;
; EDA_OUTPUT_DATA_FORMAT                ; Verilog Hdl                    ; --            ; --          ; eda_simulation          ;
; EDA_OUTPUT_DATA_FORMAT                ; Stamp                          ; --            ; --          ; eda_board_design_timing ;
; EDA_SIMULATION_TOOL                   ; ModelSim (Verilog)             ; <None>        ; --          ; --                      ;
; EDA_TIME_SCALE                        ; 1 ps                           ; --            ; --          ; eda_simulation          ;
; MAX_CORE_JUNCTION_TEMP                ; 85                             ; --            ; --          ; --                      ;
; MIN_CORE_JUNCTION_TEMP                ; 0                              ; --            ; --          ; --                      ;
; POWER_EXT_SUPPLY_VOLTAGE_TO_REGULATOR ; 3.3V                           ; --            ; --          ; --                      ;
; POWER_PRESET_COOLING_SOLUTION         ; No Heat Sink With Still Air    ; --            ; --          ; --                      ;
; PROJECT_OUTPUT_DIRECTORY              ; output_files                   ; --            ; --          ; --                      ;
; TOP_LEVEL_ENTITY                      ; msxbus                         ; msxslotreader ; --          ; --                      ;
+---------------------------------------+--------------------------------+---------------+-------------+-------------------------+


+-------------------------------------------------------------------------------------------------------------------------------+
; Flow Elapsed Time                                                                                                             ;
+---------------------------+--------------+-------------------------+---------------------+------------------------------------+
; Module Name               ; Elapsed Time ; Average Processors Used ; Peak Virtual Memory ; Total CPU Time (on all processors) ;
+---------------------------+--------------+-------------------------+---------------------+------------------------------------+
; Analysis & Synthesis      ; 00:00:08     ; 1.0                     ; 492 MB              ; 00:00:08                           ;
; Fitter                    ; 00:00:05     ; 1.0                     ; 879 MB              ; 00:00:04                           ;
; Assembler                 ; 00:00:02     ; 1.0                     ; 449 MB              ; 00:00:02                           ;
; TimeQuest Timing Analyzer ; 00:00:02     ; 1.0                     ; 460 MB              ; 00:00:02                           ;
; EDA Netlist Writer        ; 00:00:02     ; 1.0                     ; 409 MB              ; 00:00:01                           ;
; I/O Assignment Analysis   ; 00:00:02     ; 1.0                     ; 702 MB              ; 00:00:02                           ;
; Total                     ; 00:00:21     ; --                      ; --                  ; 00:00:19                           ;
+---------------------------+--------------+-------------------------+---------------------+------------------------------------+


+----------------------------------------------------------------------------------------+
; Flow OS Summary                                                                        ;
+---------------------------+------------------+-----------+------------+----------------+
; Module Name               ; Machine Hostname ; OS Name   ; OS Version ; Processor type ;
+---------------------------+------------------+-----------+------------+----------------+
; Analysis & Synthesis      ; DESKTOP-6UR0NOQ  ; Windows 7 ; 6.2        ; x86_64         ;
; Fitter                    ; DESKTOP-6UR0NOQ  ; Windows 7 ; 6.2        ; x86_64         ;
; Assembler                 ; DESKTOP-6UR0NOQ  ; Windows 7 ; 6.2        ; x86_64         ;
; TimeQuest Timing Analyzer ; DESKTOP-6UR0NOQ  ; Windows 7 ; 6.2        ; x86_64         ;
; EDA Netlist Writer        ; DESKTOP-6UR0NOQ  ; Windows 7 ; 6.2        ; x86_64         ;
; I/O Assignment Analysis   ; DESKTOP-6UR0NOQ  ; Windows 7 ; 6.2        ; x86_64         ;
+---------------------------+------------------+-----------+------------+----------------+


------------
; Flow Log ;
------------
quartus_map --read_settings_files=on --write_settings_files=off msxslotreader -c msxslotreader
quartus_fit --read_settings_files=off --write_settings_files=off msxslotreader -c msxslotreader
quartus_asm --read_settings_files=off --write_settings_files=off msxslotreader -c msxslotreader
quartus_sta msxslotreader -c msxslotreader
quartus_eda --read_settings_files=off --write_settings_files=off msxslotreader -c msxslotreader
quartus_fit --read_settings_files=on --write_settings_files=off msxslotreader -c msxslotreader --check_ios



