TimeQuest Timing Analyzer report for msxslotreader
Sat Apr 23 12:42:02 2016
Quartus II 64-Bit Version 13.1.0 Build 162 10/23/2013 SJ Web Edition


---------------------
; Table of Contents ;
---------------------
  1. Legal Notice
  2. TimeQuest Timing Analyzer Summary
  3. Parallel Compilation
  4. Clocks
  5. Fmax Summary
  6. Setup Summary
  7. Hold Summary
  8. Recovery Summary
  9. Removal Summary
 10. Minimum Pulse Width Summary
 11. Setup: 'clk'
 12. Hold: 'clk'
 13. Minimum Pulse Width: 'clk'
 14. Setup Times
 15. Hold Times
 16. Clock to Output Times
 17. Minimum Clock to Output Times
 18. Propagation Delay
 19. Minimum Propagation Delay
 20. Output Enable Times
 21. Minimum Output Enable Times
 22. Output Disable Times
 23. Minimum Output Disable Times
 24. Setup Transfers
 25. Hold Transfers
 26. Report TCCS
 27. Report RSKM
 28. Unconstrained Paths
 29. TimeQuest Timing Analyzer Messages



----------------
; Legal Notice ;
----------------
Copyright (C) 1991-2013 Altera Corporation
Your use of Altera Corporation's design tools, logic functions 
and other software and tools, and its AMPP partner logic 
functions, and any output files from any of the foregoing 
(including device programming or simulation files), and any 
associated documentation or information are expressly subject 
to the terms and conditions of the Altera Program License 
Subscription Agreement, Altera MegaCore Function License 
Agreement, or other applicable license agreement, including, 
without limitation, that your use is for the sole purpose of 
programming logic devices manufactured by Altera and sold by 
Altera or its authorized distributors.  Please refer to the 
applicable agreement for further details.



+-------------------------------------------------------------------------+
; TimeQuest Timing Analyzer Summary                                       ;
+--------------------+----------------------------------------------------+
; Quartus II Version ; Version 13.1.0 Build 162 10/23/2013 SJ Web Edition ;
; Revision Name      ; msxslotreader                                      ;
; Device Family      ; MAX II                                             ;
; Device Name        ; EPM240T100C5                                       ;
; Timing Models      ; Final                                              ;
; Delay Model        ; Slow Model                                         ;
; Rise/Fall Delays   ; Unavailable                                        ;
+--------------------+----------------------------------------------------+


+------------------------------------------+
; Parallel Compilation                     ;
+----------------------------+-------------+
; Processors                 ; Number      ;
+----------------------------+-------------+
; Number detected on machine ; 4           ;
; Maximum allowed            ; 2           ;
;                            ;             ;
; Average used               ; 1.00        ;
; Maximum used               ; 1           ;
;                            ;             ;
; Usage by Processor         ; % Time Used ;
;     Processor 1            ; 100.0%      ;
;     Processors 2-4         ;   0.0%      ;
+----------------------------+-------------+


+---------------------------------------------------------------------------------------------------------------------------------------------------------------------------------+
; Clocks                                                                                                                                                                          ;
+------------+------+--------+------------+-------+-------+------------+-----------+-------------+-------+--------+-----------+------------+----------+--------+--------+---------+
; Clock Name ; Type ; Period ; Frequency  ; Rise  ; Fall  ; Duty Cycle ; Divide by ; Multiply by ; Phase ; Offset ; Edge List ; Edge Shift ; Inverted ; Master ; Source ; Targets ;
+------------+------+--------+------------+-------+-------+------------+-----------+-------------+-------+--------+-----------+------------+----------+--------+--------+---------+
; clk        ; Base ; 1.000  ; 1000.0 MHz ; 0.000 ; 0.500 ;            ;           ;             ;       ;        ;           ;            ;          ;        ;        ; { clk } ;
+------------+------+--------+------------+-------+-------+------------+-----------+-------------+-------+--------+-----------+------------+----------+--------+--------+---------+


+--------------------------------------------------+
; Fmax Summary                                     ;
+------------+-----------------+------------+------+
; Fmax       ; Restricted Fmax ; Clock Name ; Note ;
+------------+-----------------+------------+------+
; 223.36 MHz ; 223.36 MHz      ; clk        ;      ;
+------------+-----------------+------------+------+
This panel reports FMAX for every clock in the design, regardless of the user-specified clock periods.  FMAX is only computed for paths where the source and destination registers or ports are driven by the same clock.  Paths of different clocks, including generated clocks, are ignored.  For paths between a clock and its inversion, FMAX is computed as if the rising and falling edges are scaled along with FMAX, such that the duty cycle (in terms of a percentage) is maintained. Altera recommends that you always use clock constraints and other slack reports for sign-off analysis.


+--------------------------------+
; Setup Summary                  ;
+-------+--------+---------------+
; Clock ; Slack  ; End Point TNS ;
+-------+--------+---------------+
; clk   ; -3.477 ; -96.257       ;
+-------+--------+---------------+


+-------------------------------+
; Hold Summary                  ;
+-------+-------+---------------+
; Clock ; Slack ; End Point TNS ;
+-------+-------+---------------+
; clk   ; 1.704 ; 0.000         ;
+-------+-------+---------------+


--------------------
; Recovery Summary ;
--------------------
No paths to report.


-------------------
; Removal Summary ;
-------------------
No paths to report.


+--------------------------------+
; Minimum Pulse Width Summary    ;
+-------+--------+---------------+
; Clock ; Slack  ; End Point TNS ;
+-------+--------+---------------+
; clk   ; -2.289 ; -2.289        ;
+-------+--------+---------------+


+-------------------------------------------------------------------------------------------------------------+
; Setup: 'clk'                                                                                                ;
+--------+--------------+---------------+--------------+-------------+--------------+------------+------------+
; Slack  ; From Node    ; To Node       ; Launch Clock ; Latch Clock ; Relationship ; Clock Skew ; Data Delay ;
+--------+--------------+---------------+--------------+-------------+--------------+------------+------------+
; -3.477 ; cnt[1]       ; ready~reg0    ; clk          ; clk         ; 1.000        ; 0.000      ; 4.144      ;
; -3.297 ; cnt[2]       ; ready~reg0    ; clk          ; clk         ; 1.000        ; 0.000      ; 3.964      ;
; -3.189 ; cnt[1]       ; cnt[3]        ; clk          ; clk         ; 1.000        ; 0.000      ; 3.856      ;
; -3.189 ; cnt[1]       ; cnt[4]        ; clk          ; clk         ; 1.000        ; 0.000      ; 3.856      ;
; -3.189 ; cnt[1]       ; cnt[5]        ; clk          ; clk         ; 1.000        ; 0.000      ; 3.856      ;
; -3.145 ; mrd~reg0     ; mdata[1]~reg0 ; clk          ; clk         ; 1.000        ; 0.000      ; 3.812      ;
; -3.145 ; mrd~reg0     ; mdata[2]~reg0 ; clk          ; clk         ; 1.000        ; 0.000      ; 3.812      ;
; -3.145 ; mrd~reg0     ; mdata[3]~reg0 ; clk          ; clk         ; 1.000        ; 0.000      ; 3.812      ;
; -3.145 ; mrd~reg0     ; mdata[3]~en   ; clk          ; clk         ; 1.000        ; 0.000      ; 3.812      ;
; -3.145 ; mrd~reg0     ; mdata[6]~reg0 ; clk          ; clk         ; 1.000        ; 0.000      ; 3.812      ;
; -3.128 ; cnt[0]       ; cnt[3]        ; clk          ; clk         ; 1.000        ; 0.000      ; 3.795      ;
; -3.128 ; cnt[0]       ; cnt[4]        ; clk          ; clk         ; 1.000        ; 0.000      ; 3.795      ;
; -3.128 ; cnt[0]       ; cnt[5]        ; clk          ; clk         ; 1.000        ; 0.000      ; 3.795      ;
; -3.123 ; mrd~reg0     ; mdata[0]~reg0 ; clk          ; clk         ; 1.000        ; 0.000      ; 3.790      ;
; -3.123 ; mrd~reg0     ; mdata[0]~en   ; clk          ; clk         ; 1.000        ; 0.000      ; 3.790      ;
; -3.123 ; mrd~reg0     ; mdata[2]~en   ; clk          ; clk         ; 1.000        ; 0.000      ; 3.790      ;
; -3.063 ; cnt[2]       ; cnt[3]        ; clk          ; clk         ; 1.000        ; 0.000      ; 3.730      ;
; -3.063 ; cnt[2]       ; cnt[4]        ; clk          ; clk         ; 1.000        ; 0.000      ; 3.730      ;
; -3.063 ; cnt[2]       ; cnt[5]        ; clk          ; clk         ; 1.000        ; 0.000      ; 3.730      ;
; -3.025 ; mrd~reg0     ; md[5]~en      ; clk          ; clk         ; 1.000        ; 0.000      ; 3.692      ;
; -3.024 ; mrd~reg0     ; md[4]~en      ; clk          ; clk         ; 1.000        ; 0.000      ; 3.691      ;
; -3.023 ; mrd~reg0     ; md[3]~en      ; clk          ; clk         ; 1.000        ; 0.000      ; 3.690      ;
; -3.015 ; mrd~reg0     ; md[7]~en      ; clk          ; clk         ; 1.000        ; 0.000      ; 3.682      ;
; -3.013 ; mrd~reg0     ; md[2]~en      ; clk          ; clk         ; 1.000        ; 0.000      ; 3.680      ;
; -3.009 ; mrd~reg0     ; md[6]~en      ; clk          ; clk         ; 1.000        ; 0.000      ; 3.676      ;
; -2.891 ; cnt[3]       ; cnt[5]        ; clk          ; clk         ; 1.000        ; 0.000      ; 3.558      ;
; -2.803 ; cnt[3]       ; ready~reg0    ; clk          ; clk         ; 1.000        ; 0.000      ; 3.470      ;
; -2.780 ; mrd~reg0     ; md[1]~en      ; clk          ; clk         ; 1.000        ; 0.000      ; 3.447      ;
; -2.770 ; cnt[4]       ; cnt[5]        ; clk          ; clk         ; 1.000        ; 0.000      ; 3.437      ;
; -2.768 ; cnt[3]       ; cnt[4]        ; clk          ; clk         ; 1.000        ; 0.000      ; 3.435      ;
; -2.722 ; cnt[1]       ; cnt[2]        ; clk          ; clk         ; 1.000        ; 0.000      ; 3.389      ;
; -2.714 ; mrd~reg0     ; mdata[1]~en   ; clk          ; clk         ; 1.000        ; 0.000      ; 3.381      ;
; -2.714 ; mrd~reg0     ; mdata[4]~reg0 ; clk          ; clk         ; 1.000        ; 0.000      ; 3.381      ;
; -2.714 ; mrd~reg0     ; mdata[4]~en   ; clk          ; clk         ; 1.000        ; 0.000      ; 3.381      ;
; -2.714 ; mrd~reg0     ; mdata[5]~reg0 ; clk          ; clk         ; 1.000        ; 0.000      ; 3.381      ;
; -2.714 ; mrd~reg0     ; mdata[5]~en   ; clk          ; clk         ; 1.000        ; 0.000      ; 3.381      ;
; -2.714 ; mrd~reg0     ; mdata[6]~en   ; clk          ; clk         ; 1.000        ; 0.000      ; 3.381      ;
; -2.714 ; mrd~reg0     ; mdata[7]~reg0 ; clk          ; clk         ; 1.000        ; 0.000      ; 3.381      ;
; -2.714 ; mrd~reg0     ; mdata[7]~en   ; clk          ; clk         ; 1.000        ; 0.000      ; 3.381      ;
; -2.661 ; cnt[0]       ; cnt[2]        ; clk          ; clk         ; 1.000        ; 0.000      ; 3.328      ;
; -2.538 ; cnt[0]       ; cnt[1]        ; clk          ; clk         ; 1.000        ; 0.000      ; 3.205      ;
; -2.417 ; cnt[0]       ; ready~reg0    ; clk          ; clk         ; 1.000        ; 0.000      ; 3.084      ;
; -2.275 ; mrd~reg0     ; md[0]~en      ; clk          ; clk         ; 1.000        ; 0.000      ; 2.942      ;
; -2.267 ; cnt[5]       ; ready~reg0    ; clk          ; clk         ; 1.000        ; 0.000      ; 2.934      ;
; -2.106 ; cnt[4]       ; ready~reg0    ; clk          ; clk         ; 1.000        ; 0.000      ; 2.773      ;
; -1.814 ; cnt[4]       ; cnt[4]        ; clk          ; clk         ; 1.000        ; 0.000      ; 2.481      ;
; -1.812 ; cnt[3]       ; cnt[3]        ; clk          ; clk         ; 1.000        ; 0.000      ; 2.479      ;
; -1.802 ; cnt[2]       ; cnt[2]        ; clk          ; clk         ; 1.000        ; 0.000      ; 2.469      ;
; -1.802 ; msx_clk~reg0 ; msx_clk~reg0  ; clk          ; clk         ; 1.000        ; 0.000      ; 2.469      ;
; -1.766 ; cnt[1]       ; cnt[1]        ; clk          ; clk         ; 1.000        ; 0.000      ; 2.433      ;
; -1.730 ; clkcount[1]  ; clkcount[2]   ; clk          ; clk         ; 1.000        ; 0.000      ; 2.397      ;
; -1.710 ; clkcount[2]  ; msx_clk~reg0  ; clk          ; clk         ; 1.000        ; 0.000      ; 2.377      ;
; -1.691 ; cnt[0]       ; cnt[0]        ; clk          ; clk         ; 1.000        ; 0.000      ; 2.358      ;
; -1.690 ; cnt[5]       ; cnt[5]        ; clk          ; clk         ; 1.000        ; 0.000      ; 2.357      ;
; -1.680 ; ready~reg0   ; ready~reg0    ; clk          ; clk         ; 1.000        ; 0.000      ; 2.347      ;
; -1.519 ; clkcount[1]  ; msx_clk~reg0  ; clk          ; clk         ; 1.000        ; 0.000      ; 2.186      ;
; -1.502 ; clkcount[1]  ; clkcount[1]   ; clk          ; clk         ; 1.000        ; 0.000      ; 2.169      ;
; -1.498 ; clkcount[2]  ; clkcount[2]   ; clk          ; clk         ; 1.000        ; 0.000      ; 2.165      ;
; -1.267 ; clkcount[0]  ; clkcount[2]   ; clk          ; clk         ; 1.000        ; 0.000      ; 1.934      ;
; -1.266 ; clkcount[0]  ; msx_clk~reg0  ; clk          ; clk         ; 1.000        ; 0.000      ; 1.933      ;
; -1.260 ; clkcount[0]  ; clkcount[1]   ; clk          ; clk         ; 1.000        ; 0.000      ; 1.927      ;
; -1.258 ; clkcount[0]  ; clkcount[0]   ; clk          ; clk         ; 1.000        ; 0.000      ; 1.925      ;
+--------+--------------+---------------+--------------+-------------+--------------+------------+------------+


+------------------------------------------------------------------------------------------------------------+
; Hold: 'clk'                                                                                                ;
+-------+--------------+---------------+--------------+-------------+--------------+------------+------------+
; Slack ; From Node    ; To Node       ; Launch Clock ; Latch Clock ; Relationship ; Clock Skew ; Data Delay ;
+-------+--------------+---------------+--------------+-------------+--------------+------------+------------+
; 1.704 ; clkcount[0]  ; clkcount[0]   ; clk          ; clk         ; 0.000        ; 0.000      ; 1.925      ;
; 1.706 ; clkcount[0]  ; clkcount[1]   ; clk          ; clk         ; 0.000        ; 0.000      ; 1.927      ;
; 1.712 ; clkcount[0]  ; msx_clk~reg0  ; clk          ; clk         ; 0.000        ; 0.000      ; 1.933      ;
; 1.713 ; clkcount[0]  ; clkcount[2]   ; clk          ; clk         ; 0.000        ; 0.000      ; 1.934      ;
; 1.944 ; clkcount[2]  ; clkcount[2]   ; clk          ; clk         ; 0.000        ; 0.000      ; 2.165      ;
; 1.948 ; clkcount[1]  ; clkcount[1]   ; clk          ; clk         ; 0.000        ; 0.000      ; 2.169      ;
; 1.965 ; clkcount[1]  ; msx_clk~reg0  ; clk          ; clk         ; 0.000        ; 0.000      ; 2.186      ;
; 2.126 ; ready~reg0   ; ready~reg0    ; clk          ; clk         ; 0.000        ; 0.000      ; 2.347      ;
; 2.136 ; cnt[5]       ; cnt[5]        ; clk          ; clk         ; 0.000        ; 0.000      ; 2.357      ;
; 2.137 ; cnt[0]       ; cnt[0]        ; clk          ; clk         ; 0.000        ; 0.000      ; 2.358      ;
; 2.156 ; clkcount[2]  ; msx_clk~reg0  ; clk          ; clk         ; 0.000        ; 0.000      ; 2.377      ;
; 2.176 ; clkcount[1]  ; clkcount[2]   ; clk          ; clk         ; 0.000        ; 0.000      ; 2.397      ;
; 2.212 ; cnt[1]       ; cnt[1]        ; clk          ; clk         ; 0.000        ; 0.000      ; 2.433      ;
; 2.248 ; cnt[2]       ; cnt[2]        ; clk          ; clk         ; 0.000        ; 0.000      ; 2.469      ;
; 2.248 ; msx_clk~reg0 ; msx_clk~reg0  ; clk          ; clk         ; 0.000        ; 0.000      ; 2.469      ;
; 2.258 ; cnt[3]       ; cnt[3]        ; clk          ; clk         ; 0.000        ; 0.000      ; 2.479      ;
; 2.260 ; cnt[4]       ; cnt[4]        ; clk          ; clk         ; 0.000        ; 0.000      ; 2.481      ;
; 2.552 ; cnt[4]       ; ready~reg0    ; clk          ; clk         ; 0.000        ; 0.000      ; 2.773      ;
; 2.713 ; cnt[5]       ; ready~reg0    ; clk          ; clk         ; 0.000        ; 0.000      ; 2.934      ;
; 2.721 ; mrd~reg0     ; md[0]~en      ; clk          ; clk         ; 0.000        ; 0.000      ; 2.942      ;
; 2.863 ; cnt[0]       ; ready~reg0    ; clk          ; clk         ; 0.000        ; 0.000      ; 3.084      ;
; 2.969 ; cnt[0]       ; cnt[1]        ; clk          ; clk         ; 0.000        ; 0.000      ; 3.190      ;
; 3.080 ; cnt[0]       ; cnt[2]        ; clk          ; clk         ; 0.000        ; 0.000      ; 3.301      ;
; 3.152 ; cnt[1]       ; cnt[2]        ; clk          ; clk         ; 0.000        ; 0.000      ; 3.373      ;
; 3.160 ; mrd~reg0     ; mdata[1]~en   ; clk          ; clk         ; 0.000        ; 0.000      ; 3.381      ;
; 3.160 ; mrd~reg0     ; mdata[4]~reg0 ; clk          ; clk         ; 0.000        ; 0.000      ; 3.381      ;
; 3.160 ; mrd~reg0     ; mdata[4]~en   ; clk          ; clk         ; 0.000        ; 0.000      ; 3.381      ;
; 3.160 ; mrd~reg0     ; mdata[5]~reg0 ; clk          ; clk         ; 0.000        ; 0.000      ; 3.381      ;
; 3.160 ; mrd~reg0     ; mdata[5]~en   ; clk          ; clk         ; 0.000        ; 0.000      ; 3.381      ;
; 3.160 ; mrd~reg0     ; mdata[6]~en   ; clk          ; clk         ; 0.000        ; 0.000      ; 3.381      ;
; 3.160 ; mrd~reg0     ; mdata[7]~reg0 ; clk          ; clk         ; 0.000        ; 0.000      ; 3.381      ;
; 3.160 ; mrd~reg0     ; mdata[7]~en   ; clk          ; clk         ; 0.000        ; 0.000      ; 3.381      ;
; 3.198 ; cnt[3]       ; cnt[4]        ; clk          ; clk         ; 0.000        ; 0.000      ; 3.419      ;
; 3.200 ; cnt[4]       ; cnt[5]        ; clk          ; clk         ; 0.000        ; 0.000      ; 3.421      ;
; 3.226 ; mrd~reg0     ; md[1]~en      ; clk          ; clk         ; 0.000        ; 0.000      ; 3.447      ;
; 3.249 ; cnt[3]       ; ready~reg0    ; clk          ; clk         ; 0.000        ; 0.000      ; 3.470      ;
; 3.309 ; cnt[3]       ; cnt[5]        ; clk          ; clk         ; 0.000        ; 0.000      ; 3.530      ;
; 3.455 ; mrd~reg0     ; md[6]~en      ; clk          ; clk         ; 0.000        ; 0.000      ; 3.676      ;
; 3.459 ; mrd~reg0     ; md[2]~en      ; clk          ; clk         ; 0.000        ; 0.000      ; 3.680      ;
; 3.461 ; mrd~reg0     ; md[7]~en      ; clk          ; clk         ; 0.000        ; 0.000      ; 3.682      ;
; 3.469 ; mrd~reg0     ; md[3]~en      ; clk          ; clk         ; 0.000        ; 0.000      ; 3.690      ;
; 3.470 ; mrd~reg0     ; md[4]~en      ; clk          ; clk         ; 0.000        ; 0.000      ; 3.691      ;
; 3.471 ; mrd~reg0     ; md[5]~en      ; clk          ; clk         ; 0.000        ; 0.000      ; 3.692      ;
; 3.509 ; cnt[2]       ; cnt[3]        ; clk          ; clk         ; 0.000        ; 0.000      ; 3.730      ;
; 3.509 ; cnt[2]       ; cnt[4]        ; clk          ; clk         ; 0.000        ; 0.000      ; 3.730      ;
; 3.509 ; cnt[2]       ; cnt[5]        ; clk          ; clk         ; 0.000        ; 0.000      ; 3.730      ;
; 3.549 ; cnt[0]       ; cnt[3]        ; clk          ; clk         ; 0.000        ; 0.000      ; 3.770      ;
; 3.549 ; cnt[0]       ; cnt[4]        ; clk          ; clk         ; 0.000        ; 0.000      ; 3.770      ;
; 3.549 ; cnt[0]       ; cnt[5]        ; clk          ; clk         ; 0.000        ; 0.000      ; 3.770      ;
; 3.569 ; mrd~reg0     ; mdata[0]~reg0 ; clk          ; clk         ; 0.000        ; 0.000      ; 3.790      ;
; 3.569 ; mrd~reg0     ; mdata[0]~en   ; clk          ; clk         ; 0.000        ; 0.000      ; 3.790      ;
; 3.569 ; mrd~reg0     ; mdata[2]~en   ; clk          ; clk         ; 0.000        ; 0.000      ; 3.790      ;
; 3.591 ; mrd~reg0     ; mdata[1]~reg0 ; clk          ; clk         ; 0.000        ; 0.000      ; 3.812      ;
; 3.591 ; mrd~reg0     ; mdata[2]~reg0 ; clk          ; clk         ; 0.000        ; 0.000      ; 3.812      ;
; 3.591 ; mrd~reg0     ; mdata[3]~reg0 ; clk          ; clk         ; 0.000        ; 0.000      ; 3.812      ;
; 3.591 ; mrd~reg0     ; mdata[3]~en   ; clk          ; clk         ; 0.000        ; 0.000      ; 3.812      ;
; 3.591 ; mrd~reg0     ; mdata[6]~reg0 ; clk          ; clk         ; 0.000        ; 0.000      ; 3.812      ;
; 3.621 ; cnt[1]       ; cnt[3]        ; clk          ; clk         ; 0.000        ; 0.000      ; 3.842      ;
; 3.621 ; cnt[1]       ; cnt[4]        ; clk          ; clk         ; 0.000        ; 0.000      ; 3.842      ;
; 3.621 ; cnt[1]       ; cnt[5]        ; clk          ; clk         ; 0.000        ; 0.000      ; 3.842      ;
; 3.743 ; cnt[2]       ; ready~reg0    ; clk          ; clk         ; 0.000        ; 0.000      ; 3.964      ;
; 3.923 ; cnt[1]       ; ready~reg0    ; clk          ; clk         ; 0.000        ; 0.000      ; 4.144      ;
+-------+--------------+---------------+--------------+-------------+--------------+------------+------------+


+-------------------------------------------------------------------------------------------------+
; Minimum Pulse Width: 'clk'                                                                      ;
+--------+--------------+----------------+------------------+-------+------------+----------------+
; Slack  ; Actual Width ; Required Width ; Type             ; Clock ; Clock Edge ; Target         ;
+--------+--------------+----------------+------------------+-------+------------+----------------+
; -2.289 ; 1.000        ; 3.289          ; Port Rate        ; clk   ; Rise       ; clk            ;
; 0.234  ; 0.500        ; 0.266          ; High Pulse Width ; clk   ; Fall       ; clkcount[0]    ;
; 0.234  ; 0.500        ; 0.266          ; Low Pulse Width  ; clk   ; Fall       ; clkcount[0]    ;
; 0.234  ; 0.500        ; 0.266          ; High Pulse Width ; clk   ; Fall       ; clkcount[1]    ;
; 0.234  ; 0.500        ; 0.266          ; Low Pulse Width  ; clk   ; Fall       ; clkcount[1]    ;
; 0.234  ; 0.500        ; 0.266          ; High Pulse Width ; clk   ; Fall       ; clkcount[2]    ;
; 0.234  ; 0.500        ; 0.266          ; Low Pulse Width  ; clk   ; Fall       ; clkcount[2]    ;
; 0.234  ; 0.500        ; 0.266          ; High Pulse Width ; clk   ; Rise       ; cnt[0]         ;
; 0.234  ; 0.500        ; 0.266          ; Low Pulse Width  ; clk   ; Rise       ; cnt[0]         ;
; 0.234  ; 0.500        ; 0.266          ; High Pulse Width ; clk   ; Rise       ; cnt[1]         ;
; 0.234  ; 0.500        ; 0.266          ; Low Pulse Width  ; clk   ; Rise       ; cnt[1]         ;
; 0.234  ; 0.500        ; 0.266          ; High Pulse Width ; clk   ; Rise       ; cnt[2]         ;
; 0.234  ; 0.500        ; 0.266          ; Low Pulse Width  ; clk   ; Rise       ; cnt[2]         ;
; 0.234  ; 0.500        ; 0.266          ; High Pulse Width ; clk   ; Rise       ; cnt[3]         ;
; 0.234  ; 0.500        ; 0.266          ; Low Pulse Width  ; clk   ; Rise       ; cnt[3]         ;
; 0.234  ; 0.500        ; 0.266          ; High Pulse Width ; clk   ; Rise       ; cnt[4]         ;
; 0.234  ; 0.500        ; 0.266          ; Low Pulse Width  ; clk   ; Rise       ; cnt[4]         ;
; 0.234  ; 0.500        ; 0.266          ; High Pulse Width ; clk   ; Rise       ; cnt[5]         ;
; 0.234  ; 0.500        ; 0.266          ; Low Pulse Width  ; clk   ; Rise       ; cnt[5]         ;
; 0.234  ; 0.500        ; 0.266          ; High Pulse Width ; clk   ; Fall       ; maddr[0]~reg0  ;
; 0.234  ; 0.500        ; 0.266          ; Low Pulse Width  ; clk   ; Fall       ; maddr[0]~reg0  ;
; 0.234  ; 0.500        ; 0.266          ; High Pulse Width ; clk   ; Fall       ; maddr[10]~reg0 ;
; 0.234  ; 0.500        ; 0.266          ; Low Pulse Width  ; clk   ; Fall       ; maddr[10]~reg0 ;
; 0.234  ; 0.500        ; 0.266          ; High Pulse Width ; clk   ; Fall       ; maddr[11]~reg0 ;
; 0.234  ; 0.500        ; 0.266          ; Low Pulse Width  ; clk   ; Fall       ; maddr[11]~reg0 ;
; 0.234  ; 0.500        ; 0.266          ; High Pulse Width ; clk   ; Fall       ; maddr[12]~reg0 ;
; 0.234  ; 0.500        ; 0.266          ; Low Pulse Width  ; clk   ; Fall       ; maddr[12]~reg0 ;
; 0.234  ; 0.500        ; 0.266          ; High Pulse Width ; clk   ; Fall       ; maddr[13]~reg0 ;
; 0.234  ; 0.500        ; 0.266          ; Low Pulse Width  ; clk   ; Fall       ; maddr[13]~reg0 ;
; 0.234  ; 0.500        ; 0.266          ; High Pulse Width ; clk   ; Fall       ; maddr[14]~reg0 ;
; 0.234  ; 0.500        ; 0.266          ; Low Pulse Width  ; clk   ; Fall       ; maddr[14]~reg0 ;
; 0.234  ; 0.500        ; 0.266          ; High Pulse Width ; clk   ; Fall       ; maddr[15]~reg0 ;
; 0.234  ; 0.500        ; 0.266          ; Low Pulse Width  ; clk   ; Fall       ; maddr[15]~reg0 ;
; 0.234  ; 0.500        ; 0.266          ; High Pulse Width ; clk   ; Fall       ; maddr[1]~reg0  ;
; 0.234  ; 0.500        ; 0.266          ; Low Pulse Width  ; clk   ; Fall       ; maddr[1]~reg0  ;
; 0.234  ; 0.500        ; 0.266          ; High Pulse Width ; clk   ; Fall       ; maddr[2]~reg0  ;
; 0.234  ; 0.500        ; 0.266          ; Low Pulse Width  ; clk   ; Fall       ; maddr[2]~reg0  ;
; 0.234  ; 0.500        ; 0.266          ; High Pulse Width ; clk   ; Fall       ; maddr[3]~reg0  ;
; 0.234  ; 0.500        ; 0.266          ; Low Pulse Width  ; clk   ; Fall       ; maddr[3]~reg0  ;
; 0.234  ; 0.500        ; 0.266          ; High Pulse Width ; clk   ; Fall       ; maddr[4]~reg0  ;
; 0.234  ; 0.500        ; 0.266          ; Low Pulse Width  ; clk   ; Fall       ; maddr[4]~reg0  ;
; 0.234  ; 0.500        ; 0.266          ; High Pulse Width ; clk   ; Fall       ; maddr[5]~reg0  ;
; 0.234  ; 0.500        ; 0.266          ; Low Pulse Width  ; clk   ; Fall       ; maddr[5]~reg0  ;
; 0.234  ; 0.500        ; 0.266          ; High Pulse Width ; clk   ; Fall       ; maddr[6]~reg0  ;
; 0.234  ; 0.500        ; 0.266          ; Low Pulse Width  ; clk   ; Fall       ; maddr[6]~reg0  ;
; 0.234  ; 0.500        ; 0.266          ; High Pulse Width ; clk   ; Fall       ; maddr[7]~reg0  ;
; 0.234  ; 0.500        ; 0.266          ; Low Pulse Width  ; clk   ; Fall       ; maddr[7]~reg0  ;
; 0.234  ; 0.500        ; 0.266          ; High Pulse Width ; clk   ; Fall       ; maddr[8]~reg0  ;
; 0.234  ; 0.500        ; 0.266          ; Low Pulse Width  ; clk   ; Fall       ; maddr[8]~reg0  ;
; 0.234  ; 0.500        ; 0.266          ; High Pulse Width ; clk   ; Fall       ; maddr[9]~reg0  ;
; 0.234  ; 0.500        ; 0.266          ; Low Pulse Width  ; clk   ; Fall       ; maddr[9]~reg0  ;
; 0.234  ; 0.500        ; 0.266          ; High Pulse Width ; clk   ; Fall       ; md[0]~en       ;
; 0.234  ; 0.500        ; 0.266          ; Low Pulse Width  ; clk   ; Fall       ; md[0]~en       ;
; 0.234  ; 0.500        ; 0.266          ; High Pulse Width ; clk   ; Fall       ; md[0]~reg0     ;
; 0.234  ; 0.500        ; 0.266          ; Low Pulse Width  ; clk   ; Fall       ; md[0]~reg0     ;
; 0.234  ; 0.500        ; 0.266          ; High Pulse Width ; clk   ; Fall       ; md[1]~en       ;
; 0.234  ; 0.500        ; 0.266          ; Low Pulse Width  ; clk   ; Fall       ; md[1]~en       ;
; 0.234  ; 0.500        ; 0.266          ; High Pulse Width ; clk   ; Fall       ; md[1]~reg0     ;
; 0.234  ; 0.500        ; 0.266          ; Low Pulse Width  ; clk   ; Fall       ; md[1]~reg0     ;
; 0.234  ; 0.500        ; 0.266          ; High Pulse Width ; clk   ; Fall       ; md[2]~en       ;
; 0.234  ; 0.500        ; 0.266          ; Low Pulse Width  ; clk   ; Fall       ; md[2]~en       ;
; 0.234  ; 0.500        ; 0.266          ; High Pulse Width ; clk   ; Fall       ; md[2]~reg0     ;
; 0.234  ; 0.500        ; 0.266          ; Low Pulse Width  ; clk   ; Fall       ; md[2]~reg0     ;
; 0.234  ; 0.500        ; 0.266          ; High Pulse Width ; clk   ; Fall       ; md[3]~en       ;
; 0.234  ; 0.500        ; 0.266          ; Low Pulse Width  ; clk   ; Fall       ; md[3]~en       ;
; 0.234  ; 0.500        ; 0.266          ; High Pulse Width ; clk   ; Fall       ; md[3]~reg0     ;
; 0.234  ; 0.500        ; 0.266          ; Low Pulse Width  ; clk   ; Fall       ; md[3]~reg0     ;
; 0.234  ; 0.500        ; 0.266          ; High Pulse Width ; clk   ; Fall       ; md[4]~en       ;
; 0.234  ; 0.500        ; 0.266          ; Low Pulse Width  ; clk   ; Fall       ; md[4]~en       ;
; 0.234  ; 0.500        ; 0.266          ; High Pulse Width ; clk   ; Fall       ; md[4]~reg0     ;
; 0.234  ; 0.500        ; 0.266          ; Low Pulse Width  ; clk   ; Fall       ; md[4]~reg0     ;
; 0.234  ; 0.500        ; 0.266          ; High Pulse Width ; clk   ; Fall       ; md[5]~en       ;
; 0.234  ; 0.500        ; 0.266          ; Low Pulse Width  ; clk   ; Fall       ; md[5]~en       ;
; 0.234  ; 0.500        ; 0.266          ; High Pulse Width ; clk   ; Fall       ; md[5]~reg0     ;
; 0.234  ; 0.500        ; 0.266          ; Low Pulse Width  ; clk   ; Fall       ; md[5]~reg0     ;
; 0.234  ; 0.500        ; 0.266          ; High Pulse Width ; clk   ; Fall       ; md[6]~en       ;
; 0.234  ; 0.500        ; 0.266          ; Low Pulse Width  ; clk   ; Fall       ; md[6]~en       ;
; 0.234  ; 0.500        ; 0.266          ; High Pulse Width ; clk   ; Fall       ; md[6]~reg0     ;
; 0.234  ; 0.500        ; 0.266          ; Low Pulse Width  ; clk   ; Fall       ; md[6]~reg0     ;
; 0.234  ; 0.500        ; 0.266          ; High Pulse Width ; clk   ; Fall       ; md[7]~en       ;
; 0.234  ; 0.500        ; 0.266          ; Low Pulse Width  ; clk   ; Fall       ; md[7]~en       ;
; 0.234  ; 0.500        ; 0.266          ; High Pulse Width ; clk   ; Fall       ; md[7]~reg0     ;
; 0.234  ; 0.500        ; 0.266          ; Low Pulse Width  ; clk   ; Fall       ; md[7]~reg0     ;
; 0.234  ; 0.500        ; 0.266          ; High Pulse Width ; clk   ; Fall       ; mdata[0]~en    ;
; 0.234  ; 0.500        ; 0.266          ; Low Pulse Width  ; clk   ; Fall       ; mdata[0]~en    ;
; 0.234  ; 0.500        ; 0.266          ; High Pulse Width ; clk   ; Fall       ; mdata[0]~reg0  ;
; 0.234  ; 0.500        ; 0.266          ; Low Pulse Width  ; clk   ; Fall       ; mdata[0]~reg0  ;
; 0.234  ; 0.500        ; 0.266          ; High Pulse Width ; clk   ; Fall       ; mdata[1]~en    ;
; 0.234  ; 0.500        ; 0.266          ; Low Pulse Width  ; clk   ; Fall       ; mdata[1]~en    ;
; 0.234  ; 0.500        ; 0.266          ; High Pulse Width ; clk   ; Fall       ; mdata[1]~reg0  ;
; 0.234  ; 0.500        ; 0.266          ; Low Pulse Width  ; clk   ; Fall       ; mdata[1]~reg0  ;
; 0.234  ; 0.500        ; 0.266          ; High Pulse Width ; clk   ; Fall       ; mdata[2]~en    ;
; 0.234  ; 0.500        ; 0.266          ; Low Pulse Width  ; clk   ; Fall       ; mdata[2]~en    ;
; 0.234  ; 0.500        ; 0.266          ; High Pulse Width ; clk   ; Fall       ; mdata[2]~reg0  ;
; 0.234  ; 0.500        ; 0.266          ; Low Pulse Width  ; clk   ; Fall       ; mdata[2]~reg0  ;
; 0.234  ; 0.500        ; 0.266          ; High Pulse Width ; clk   ; Fall       ; mdata[3]~en    ;
; 0.234  ; 0.500        ; 0.266          ; Low Pulse Width  ; clk   ; Fall       ; mdata[3]~en    ;
; 0.234  ; 0.500        ; 0.266          ; High Pulse Width ; clk   ; Fall       ; mdata[3]~reg0  ;
; 0.234  ; 0.500        ; 0.266          ; Low Pulse Width  ; clk   ; Fall       ; mdata[3]~reg0  ;
; 0.234  ; 0.500        ; 0.266          ; High Pulse Width ; clk   ; Fall       ; mdata[4]~en    ;
+--------+--------------+----------------+------------------+-------+------------+----------------+


+-----------------------------------------------------------------------+
; Setup Times                                                           ;
+-----------+------------+-------+-------+------------+-----------------+
; Data Port ; Clock Port ; Rise  ; Fall  ; Clock Edge ; Clock Reference ;
+-----------+------------+-------+-------+------------+-----------------+
; cs        ; clk        ; 5.019 ; 5.019 ; Rise       ; clk             ;
; a0        ; clk        ; 6.520 ; 6.520 ; Fall       ; clk             ;
; cs        ; clk        ; 6.169 ; 6.169 ; Fall       ; clk             ;
; md[*]     ; clk        ; 3.914 ; 3.914 ; Fall       ; clk             ;
;  md[0]    ; clk        ; 3.914 ; 3.914 ; Fall       ; clk             ;
;  md[1]    ; clk        ; 2.741 ; 2.741 ; Fall       ; clk             ;
;  md[2]    ; clk        ; 3.554 ; 3.554 ; Fall       ; clk             ;
;  md[3]    ; clk        ; 3.679 ; 3.679 ; Fall       ; clk             ;
;  md[4]    ; clk        ; 3.273 ; 3.273 ; Fall       ; clk             ;
;  md[5]    ; clk        ; 3.473 ; 3.473 ; Fall       ; clk             ;
;  md[6]    ; clk        ; 3.321 ; 3.321 ; Fall       ; clk             ;
;  md[7]    ; clk        ; 2.982 ; 2.982 ; Fall       ; clk             ;
;  md[8]    ; clk        ; 2.665 ; 2.665 ; Fall       ; clk             ;
;  md[9]    ; clk        ; 2.885 ; 2.885 ; Fall       ; clk             ;
;  md[10]   ; clk        ; 2.954 ; 2.954 ; Fall       ; clk             ;
;  md[11]   ; clk        ; 2.448 ; 2.448 ; Fall       ; clk             ;
;  md[12]   ; clk        ; 3.531 ; 3.531 ; Fall       ; clk             ;
;  md[13]   ; clk        ; 3.029 ; 3.029 ; Fall       ; clk             ;
;  md[14]   ; clk        ; 2.723 ; 2.723 ; Fall       ; clk             ;
;  md[15]   ; clk        ; 3.218 ; 3.218 ; Fall       ; clk             ;
; mdata[*]  ; clk        ; 2.601 ; 2.601 ; Fall       ; clk             ;
;  mdata[0] ; clk        ; 2.474 ; 2.474 ; Fall       ; clk             ;
;  mdata[1] ; clk        ; 2.109 ; 2.109 ; Fall       ; clk             ;
;  mdata[2] ; clk        ; 1.846 ; 1.846 ; Fall       ; clk             ;
;  mdata[3] ; clk        ; 1.761 ; 1.761 ; Fall       ; clk             ;
;  mdata[4] ; clk        ; 2.409 ; 2.409 ; Fall       ; clk             ;
;  mdata[5] ; clk        ; 2.429 ; 2.429 ; Fall       ; clk             ;
;  mdata[6] ; clk        ; 2.394 ; 2.394 ; Fall       ; clk             ;
;  mdata[7] ; clk        ; 2.601 ; 2.601 ; Fall       ; clk             ;
; mio       ; clk        ; 3.197 ; 3.197 ; Fall       ; clk             ;
; rw        ; clk        ; 3.518 ; 3.518 ; Fall       ; clk             ;
; sltsl     ; clk        ; 3.809 ; 3.809 ; Fall       ; clk             ;
+-----------+------------+-------+-------+------------+-----------------+


+-------------------------------------------------------------------------+
; Hold Times                                                              ;
+-----------+------------+--------+--------+------------+-----------------+
; Data Port ; Clock Port ; Rise   ; Fall   ; Clock Edge ; Clock Reference ;
+-----------+------------+--------+--------+------------+-----------------+
; cs        ; clk        ; -3.761 ; -3.761 ; Rise       ; clk             ;
; a0        ; clk        ; -2.232 ; -2.232 ; Fall       ; clk             ;
; cs        ; clk        ; -2.786 ; -2.786 ; Fall       ; clk             ;
; md[*]     ; clk        ; -1.894 ; -1.894 ; Fall       ; clk             ;
;  md[0]    ; clk        ; -2.657 ; -2.657 ; Fall       ; clk             ;
;  md[1]    ; clk        ; -2.185 ; -2.185 ; Fall       ; clk             ;
;  md[2]    ; clk        ; -2.999 ; -2.999 ; Fall       ; clk             ;
;  md[3]    ; clk        ; -3.121 ; -3.121 ; Fall       ; clk             ;
;  md[4]    ; clk        ; -2.713 ; -2.713 ; Fall       ; clk             ;
;  md[5]    ; clk        ; -2.664 ; -2.664 ; Fall       ; clk             ;
;  md[6]    ; clk        ; -2.767 ; -2.767 ; Fall       ; clk             ;
;  md[7]    ; clk        ; -2.195 ; -2.195 ; Fall       ; clk             ;
;  md[8]    ; clk        ; -2.111 ; -2.111 ; Fall       ; clk             ;
;  md[9]    ; clk        ; -2.331 ; -2.331 ; Fall       ; clk             ;
;  md[10]   ; clk        ; -2.400 ; -2.400 ; Fall       ; clk             ;
;  md[11]   ; clk        ; -1.894 ; -1.894 ; Fall       ; clk             ;
;  md[12]   ; clk        ; -2.977 ; -2.977 ; Fall       ; clk             ;
;  md[13]   ; clk        ; -2.475 ; -2.475 ; Fall       ; clk             ;
;  md[14]   ; clk        ; -2.169 ; -2.169 ; Fall       ; clk             ;
;  md[15]   ; clk        ; -2.664 ; -2.664 ; Fall       ; clk             ;
; mdata[*]  ; clk        ; -1.207 ; -1.207 ; Fall       ; clk             ;
;  mdata[0] ; clk        ; -1.920 ; -1.920 ; Fall       ; clk             ;
;  mdata[1] ; clk        ; -1.555 ; -1.555 ; Fall       ; clk             ;
;  mdata[2] ; clk        ; -1.292 ; -1.292 ; Fall       ; clk             ;
;  mdata[3] ; clk        ; -1.207 ; -1.207 ; Fall       ; clk             ;
;  mdata[4] ; clk        ; -1.855 ; -1.855 ; Fall       ; clk             ;
;  mdata[5] ; clk        ; -1.875 ; -1.875 ; Fall       ; clk             ;
;  mdata[6] ; clk        ; -1.840 ; -1.840 ; Fall       ; clk             ;
;  mdata[7] ; clk        ; -2.047 ; -2.047 ; Fall       ; clk             ;
; mio       ; clk        ; -2.634 ; -2.634 ; Fall       ; clk             ;
; rw        ; clk        ; -2.941 ; -2.941 ; Fall       ; clk             ;
; sltsl     ; clk        ; -3.248 ; -3.248 ; Fall       ; clk             ;
+-----------+------------+--------+--------+------------+-----------------+


+--------------------------------------------------------------------------+
; Clock to Output Times                                                    ;
+------------+------------+--------+--------+------------+-----------------+
; Data Port  ; Clock Port ; Rise   ; Fall   ; Clock Edge ; Clock Reference ;
+------------+------------+--------+--------+------------+-----------------+
; ready      ; clk        ; 7.963  ; 7.963  ; Rise       ; clk             ;
; maddr[*]   ; clk        ; 8.652  ; 8.652  ; Fall       ; clk             ;
;  maddr[0]  ; clk        ; 8.512  ; 8.512  ; Fall       ; clk             ;
;  maddr[1]  ; clk        ; 8.595  ; 8.595  ; Fall       ; clk             ;
;  maddr[2]  ; clk        ; 8.555  ; 8.555  ; Fall       ; clk             ;
;  maddr[3]  ; clk        ; 8.642  ; 8.642  ; Fall       ; clk             ;
;  maddr[4]  ; clk        ; 8.597  ; 8.597  ; Fall       ; clk             ;
;  maddr[5]  ; clk        ; 8.641  ; 8.641  ; Fall       ; clk             ;
;  maddr[6]  ; clk        ; 8.604  ; 8.604  ; Fall       ; clk             ;
;  maddr[7]  ; clk        ; 8.078  ; 8.078  ; Fall       ; clk             ;
;  maddr[8]  ; clk        ; 8.182  ; 8.182  ; Fall       ; clk             ;
;  maddr[9]  ; clk        ; 8.079  ; 8.079  ; Fall       ; clk             ;
;  maddr[10] ; clk        ; 8.122  ; 8.122  ; Fall       ; clk             ;
;  maddr[11] ; clk        ; 8.193  ; 8.193  ; Fall       ; clk             ;
;  maddr[12] ; clk        ; 7.957  ; 7.957  ; Fall       ; clk             ;
;  maddr[13] ; clk        ; 8.652  ; 8.652  ; Fall       ; clk             ;
;  maddr[14] ; clk        ; 7.955  ; 7.955  ; Fall       ; clk             ;
;  maddr[15] ; clk        ; 7.901  ; 7.901  ; Fall       ; clk             ;
; mcs1       ; clk        ; 10.141 ; 10.141 ; Fall       ; clk             ;
; mcs2       ; clk        ; 10.323 ; 10.323 ; Fall       ; clk             ;
; mcs12      ; clk        ; 10.300 ; 10.300 ; Fall       ; clk             ;
; md[*]      ; clk        ; 8.659  ; 8.659  ; Fall       ; clk             ;
;  md[0]     ; clk        ; 6.820  ; 6.820  ; Fall       ; clk             ;
;  md[1]     ; clk        ; 8.659  ; 8.659  ; Fall       ; clk             ;
;  md[2]     ; clk        ; 8.578  ; 8.578  ; Fall       ; clk             ;
;  md[3]     ; clk        ; 8.600  ; 8.600  ; Fall       ; clk             ;
;  md[4]     ; clk        ; 8.475  ; 8.475  ; Fall       ; clk             ;
;  md[5]     ; clk        ; 8.456  ; 8.456  ; Fall       ; clk             ;
;  md[6]     ; clk        ; 8.497  ; 8.497  ; Fall       ; clk             ;
;  md[7]     ; clk        ; 6.827  ; 6.827  ; Fall       ; clk             ;
; mdata[*]   ; clk        ; 8.703  ; 8.703  ; Fall       ; clk             ;
;  mdata[0]  ; clk        ; 8.098  ; 8.098  ; Fall       ; clk             ;
;  mdata[1]  ; clk        ; 7.942  ; 7.942  ; Fall       ; clk             ;
;  mdata[2]  ; clk        ; 8.105  ; 8.105  ; Fall       ; clk             ;
;  mdata[3]  ; clk        ; 8.134  ; 8.134  ; Fall       ; clk             ;
;  mdata[4]  ; clk        ; 8.617  ; 8.617  ; Fall       ; clk             ;
;  mdata[5]  ; clk        ; 8.635  ; 8.635  ; Fall       ; clk             ;
;  mdata[6]  ; clk        ; 8.489  ; 8.489  ; Fall       ; clk             ;
;  mdata[7]  ; clk        ; 8.703  ; 8.703  ; Fall       ; clk             ;
; miorq      ; clk        ; 6.820  ; 6.820  ; Fall       ; clk             ;
; mmreq      ; clk        ; 6.820  ; 6.820  ; Fall       ; clk             ;
; mrd        ; clk        ; 8.126  ; 8.126  ; Fall       ; clk             ;
; msltsl[*]  ; clk        ; 8.616  ; 8.616  ; Fall       ; clk             ;
;  msltsl[0] ; clk        ; 8.465  ; 8.465  ; Fall       ; clk             ;
;  msltsl[1] ; clk        ; 8.616  ; 8.616  ; Fall       ; clk             ;
; msx_clk    ; clk        ; 6.814  ; 6.814  ; Fall       ; clk             ;
; mwr        ; clk        ; 7.998  ; 7.998  ; Fall       ; clk             ;
+------------+------------+--------+--------+------------+-----------------+


+------------------------------------------------------------------------+
; Minimum Clock to Output Times                                          ;
+------------+------------+-------+-------+------------+-----------------+
; Data Port  ; Clock Port ; Rise  ; Fall  ; Clock Edge ; Clock Reference ;
+------------+------------+-------+-------+------------+-----------------+
; ready      ; clk        ; 7.963 ; 7.963 ; Rise       ; clk             ;
; maddr[*]   ; clk        ; 7.901 ; 7.901 ; Fall       ; clk             ;
;  maddr[0]  ; clk        ; 8.512 ; 8.512 ; Fall       ; clk             ;
;  maddr[1]  ; clk        ; 8.595 ; 8.595 ; Fall       ; clk             ;
;  maddr[2]  ; clk        ; 8.555 ; 8.555 ; Fall       ; clk             ;
;  maddr[3]  ; clk        ; 8.642 ; 8.642 ; Fall       ; clk             ;
;  maddr[4]  ; clk        ; 8.597 ; 8.597 ; Fall       ; clk             ;
;  maddr[5]  ; clk        ; 8.641 ; 8.641 ; Fall       ; clk             ;
;  maddr[6]  ; clk        ; 8.604 ; 8.604 ; Fall       ; clk             ;
;  maddr[7]  ; clk        ; 8.078 ; 8.078 ; Fall       ; clk             ;
;  maddr[8]  ; clk        ; 8.182 ; 8.182 ; Fall       ; clk             ;
;  maddr[9]  ; clk        ; 8.079 ; 8.079 ; Fall       ; clk             ;
;  maddr[10] ; clk        ; 8.122 ; 8.122 ; Fall       ; clk             ;
;  maddr[11] ; clk        ; 8.193 ; 8.193 ; Fall       ; clk             ;
;  maddr[12] ; clk        ; 7.957 ; 7.957 ; Fall       ; clk             ;
;  maddr[13] ; clk        ; 8.652 ; 8.652 ; Fall       ; clk             ;
;  maddr[14] ; clk        ; 7.955 ; 7.955 ; Fall       ; clk             ;
;  maddr[15] ; clk        ; 7.901 ; 7.901 ; Fall       ; clk             ;
; mcs1       ; clk        ; 8.924 ; 8.924 ; Fall       ; clk             ;
; mcs2       ; clk        ; 9.074 ; 9.074 ; Fall       ; clk             ;
; mcs12      ; clk        ; 9.588 ; 9.588 ; Fall       ; clk             ;
; md[*]      ; clk        ; 6.820 ; 6.820 ; Fall       ; clk             ;
;  md[0]     ; clk        ; 6.820 ; 6.820 ; Fall       ; clk             ;
;  md[1]     ; clk        ; 8.659 ; 8.659 ; Fall       ; clk             ;
;  md[2]     ; clk        ; 8.578 ; 8.578 ; Fall       ; clk             ;
;  md[3]     ; clk        ; 8.600 ; 8.600 ; Fall       ; clk             ;
;  md[4]     ; clk        ; 8.475 ; 8.475 ; Fall       ; clk             ;
;  md[5]     ; clk        ; 8.456 ; 8.456 ; Fall       ; clk             ;
;  md[6]     ; clk        ; 8.497 ; 8.497 ; Fall       ; clk             ;
;  md[7]     ; clk        ; 6.827 ; 6.827 ; Fall       ; clk             ;
; mdata[*]   ; clk        ; 7.942 ; 7.942 ; Fall       ; clk             ;
;  mdata[0]  ; clk        ; 8.098 ; 8.098 ; Fall       ; clk             ;
;  mdata[1]  ; clk        ; 7.942 ; 7.942 ; Fall       ; clk             ;
;  mdata[2]  ; clk        ; 8.105 ; 8.105 ; Fall       ; clk             ;
;  mdata[3]  ; clk        ; 8.134 ; 8.134 ; Fall       ; clk             ;
;  mdata[4]  ; clk        ; 8.617 ; 8.617 ; Fall       ; clk             ;
;  mdata[5]  ; clk        ; 8.635 ; 8.635 ; Fall       ; clk             ;
;  mdata[6]  ; clk        ; 8.489 ; 8.489 ; Fall       ; clk             ;
;  mdata[7]  ; clk        ; 8.703 ; 8.703 ; Fall       ; clk             ;
; miorq      ; clk        ; 6.820 ; 6.820 ; Fall       ; clk             ;
; mmreq      ; clk        ; 6.820 ; 6.820 ; Fall       ; clk             ;
; mrd        ; clk        ; 8.126 ; 8.126 ; Fall       ; clk             ;
; msltsl[*]  ; clk        ; 8.465 ; 8.465 ; Fall       ; clk             ;
;  msltsl[0] ; clk        ; 8.465 ; 8.465 ; Fall       ; clk             ;
;  msltsl[1] ; clk        ; 8.616 ; 8.616 ; Fall       ; clk             ;
; msx_clk    ; clk        ; 6.814 ; 6.814 ; Fall       ; clk             ;
; mwr        ; clk        ; 7.998 ; 7.998 ; Fall       ; clk             ;
+------------+------------+-------+-------+------------+-----------------+


+----------------------------------------------------+
; Propagation Delay                                  ;
+------------+-------------+-------+----+----+-------+
; Input Port ; Output Port ; RR    ; RF ; FR ; FF    ;
+------------+-------------+-------+----+----+-------+
; mbusdir    ; rbusdir     ; 8.758 ;    ;    ; 8.758 ;
; mint       ; rint        ; 8.270 ;    ;    ; 8.270 ;
; msw0       ; rsw0        ; 8.811 ;    ;    ; 8.811 ;
; msw1       ; rsw1        ; 8.839 ;    ;    ; 8.839 ;
; mwait      ; rwait       ; 8.832 ;    ;    ; 8.832 ;
+------------+-------------+-------+----+----+-------+


+----------------------------------------------------+
; Minimum Propagation Delay                          ;
+------------+-------------+-------+----+----+-------+
; Input Port ; Output Port ; RR    ; RF ; FR ; FF    ;
+------------+-------------+-------+----+----+-------+
; mbusdir    ; rbusdir     ; 8.758 ;    ;    ; 8.758 ;
; mint       ; rint        ; 8.270 ;    ;    ; 8.270 ;
; msw0       ; rsw0        ; 8.811 ;    ;    ; 8.811 ;
; msw1       ; rsw1        ; 8.839 ;    ;    ; 8.839 ;
; mwait      ; rwait       ; 8.832 ;    ;    ; 8.832 ;
+------------+-------------+-------+----+----+-------+


+----------------------------------------------------------------------+
; Output Enable Times                                                  ;
+-----------+------------+-------+------+------------+-----------------+
; Data Port ; Clock Port ; Rise  ; Fall ; Clock Edge ; Clock Reference ;
+-----------+------------+-------+------+------------+-----------------+
; md[*]     ; clk        ; 6.925 ;      ; Fall       ; clk             ;
;  md[0]    ; clk        ; 6.950 ;      ; Fall       ; clk             ;
;  md[1]    ; clk        ; 7.066 ;      ; Fall       ; clk             ;
;  md[2]    ; clk        ; 7.523 ;      ; Fall       ; clk             ;
;  md[3]    ; clk        ; 7.510 ;      ; Fall       ; clk             ;
;  md[4]    ; clk        ; 7.701 ;      ; Fall       ; clk             ;
;  md[5]    ; clk        ; 7.714 ;      ; Fall       ; clk             ;
;  md[6]    ; clk        ; 7.500 ;      ; Fall       ; clk             ;
;  md[7]    ; clk        ; 6.925 ;      ; Fall       ; clk             ;
; mdata[*]  ; clk        ; 6.831 ;      ; Fall       ; clk             ;
;  mdata[0] ; clk        ; 6.840 ;      ; Fall       ; clk             ;
;  mdata[1] ; clk        ; 6.831 ;      ; Fall       ; clk             ;
;  mdata[2] ; clk        ; 6.935 ;      ; Fall       ; clk             ;
;  mdata[3] ; clk        ; 6.927 ;      ; Fall       ; clk             ;
;  mdata[4] ; clk        ; 7.536 ;      ; Fall       ; clk             ;
;  mdata[5] ; clk        ; 7.380 ;      ; Fall       ; clk             ;
;  mdata[6] ; clk        ; 7.548 ;      ; Fall       ; clk             ;
;  mdata[7] ; clk        ; 7.384 ;      ; Fall       ; clk             ;
+-----------+------------+-------+------+------------+-----------------+


+----------------------------------------------------------------------+
; Minimum Output Enable Times                                          ;
+-----------+------------+-------+------+------------+-----------------+
; Data Port ; Clock Port ; Rise  ; Fall ; Clock Edge ; Clock Reference ;
+-----------+------------+-------+------+------------+-----------------+
; md[*]     ; clk        ; 6.925 ;      ; Fall       ; clk             ;
;  md[0]    ; clk        ; 6.950 ;      ; Fall       ; clk             ;
;  md[1]    ; clk        ; 7.066 ;      ; Fall       ; clk             ;
;  md[2]    ; clk        ; 7.523 ;      ; Fall       ; clk             ;
;  md[3]    ; clk        ; 7.510 ;      ; Fall       ; clk             ;
;  md[4]    ; clk        ; 7.701 ;      ; Fall       ; clk             ;
;  md[5]    ; clk        ; 7.714 ;      ; Fall       ; clk             ;
;  md[6]    ; clk        ; 7.500 ;      ; Fall       ; clk             ;
;  md[7]    ; clk        ; 6.925 ;      ; Fall       ; clk             ;
; mdata[*]  ; clk        ; 6.831 ;      ; Fall       ; clk             ;
;  mdata[0] ; clk        ; 6.840 ;      ; Fall       ; clk             ;
;  mdata[1] ; clk        ; 6.831 ;      ; Fall       ; clk             ;
;  mdata[2] ; clk        ; 6.935 ;      ; Fall       ; clk             ;
;  mdata[3] ; clk        ; 6.927 ;      ; Fall       ; clk             ;
;  mdata[4] ; clk        ; 7.536 ;      ; Fall       ; clk             ;
;  mdata[5] ; clk        ; 7.380 ;      ; Fall       ; clk             ;
;  mdata[6] ; clk        ; 7.548 ;      ; Fall       ; clk             ;
;  mdata[7] ; clk        ; 7.384 ;      ; Fall       ; clk             ;
+-----------+------------+-------+------+------------+-----------------+


+-------------------------------------------------------------------------------+
; Output Disable Times                                                          ;
+-----------+------------+-----------+-----------+------------+-----------------+
; Data Port ; Clock Port ; 0 to Hi-Z ; 1 to Hi-Z ; Clock Edge ; Clock Reference ;
+-----------+------------+-----------+-----------+------------+-----------------+
; md[*]     ; clk        ; 6.925     ;           ; Fall       ; clk             ;
;  md[0]    ; clk        ; 6.950     ;           ; Fall       ; clk             ;
;  md[1]    ; clk        ; 7.066     ;           ; Fall       ; clk             ;
;  md[2]    ; clk        ; 7.523     ;           ; Fall       ; clk             ;
;  md[3]    ; clk        ; 7.510     ;           ; Fall       ; clk             ;
;  md[4]    ; clk        ; 7.701     ;           ; Fall       ; clk             ;
;  md[5]    ; clk        ; 7.714     ;           ; Fall       ; clk             ;
;  md[6]    ; clk        ; 7.500     ;           ; Fall       ; clk             ;
;  md[7]    ; clk        ; 6.925     ;           ; Fall       ; clk             ;
; mdata[*]  ; clk        ; 6.831     ;           ; Fall       ; clk             ;
;  mdata[0] ; clk        ; 6.840     ;           ; Fall       ; clk             ;
;  mdata[1] ; clk        ; 6.831     ;           ; Fall       ; clk             ;
;  mdata[2] ; clk        ; 6.935     ;           ; Fall       ; clk             ;
;  mdata[3] ; clk        ; 6.927     ;           ; Fall       ; clk             ;
;  mdata[4] ; clk        ; 7.536     ;           ; Fall       ; clk             ;
;  mdata[5] ; clk        ; 7.380     ;           ; Fall       ; clk             ;
;  mdata[6] ; clk        ; 7.548     ;           ; Fall       ; clk             ;
;  mdata[7] ; clk        ; 7.384     ;           ; Fall       ; clk             ;
+-----------+------------+-----------+-----------+------------+-----------------+


+-------------------------------------------------------------------------------+
; Minimum Output Disable Times                                                  ;
+-----------+------------+-----------+-----------+------------+-----------------+
; Data Port ; Clock Port ; 0 to Hi-Z ; 1 to Hi-Z ; Clock Edge ; Clock Reference ;
+-----------+------------+-----------+-----------+------------+-----------------+
; md[*]     ; clk        ; 6.925     ;           ; Fall       ; clk             ;
;  md[0]    ; clk        ; 6.950     ;           ; Fall       ; clk             ;
;  md[1]    ; clk        ; 7.066     ;           ; Fall       ; clk             ;
;  md[2]    ; clk        ; 7.523     ;           ; Fall       ; clk             ;
;  md[3]    ; clk        ; 7.510     ;           ; Fall       ; clk             ;
;  md[4]    ; clk        ; 7.701     ;           ; Fall       ; clk             ;
;  md[5]    ; clk        ; 7.714     ;           ; Fall       ; clk             ;
;  md[6]    ; clk        ; 7.500     ;           ; Fall       ; clk             ;
;  md[7]    ; clk        ; 6.925     ;           ; Fall       ; clk             ;
; mdata[*]  ; clk        ; 6.831     ;           ; Fall       ; clk             ;
;  mdata[0] ; clk        ; 6.840     ;           ; Fall       ; clk             ;
;  mdata[1] ; clk        ; 6.831     ;           ; Fall       ; clk             ;
;  mdata[2] ; clk        ; 6.935     ;           ; Fall       ; clk             ;
;  mdata[3] ; clk        ; 6.927     ;           ; Fall       ; clk             ;
;  mdata[4] ; clk        ; 7.536     ;           ; Fall       ; clk             ;
;  mdata[5] ; clk        ; 7.380     ;           ; Fall       ; clk             ;
;  mdata[6] ; clk        ; 7.548     ;           ; Fall       ; clk             ;
;  mdata[7] ; clk        ; 7.384     ;           ; Fall       ; clk             ;
+-----------+------------+-----------+-----------+------------+-----------------+


+-------------------------------------------------------------------+
; Setup Transfers                                                   ;
+------------+----------+----------+----------+----------+----------+
; From Clock ; To Clock ; RR Paths ; FR Paths ; RF Paths ; FF Paths ;
+------------+----------+----------+----------+----------+----------+
; clk        ; clk      ; 40       ; 0        ; 0        ; 34       ;
+------------+----------+----------+----------+----------+----------+
Entries labeled "false path" only account for clock-to-clock false paths and not path-based false paths. As a result, actual path counts may be lower than reported.


+-------------------------------------------------------------------+
; Hold Transfers                                                    ;
+------------+----------+----------+----------+----------+----------+
; From Clock ; To Clock ; RR Paths ; FR Paths ; RF Paths ; FF Paths ;
+------------+----------+----------+----------+----------+----------+
; clk        ; clk      ; 40       ; 0        ; 0        ; 34       ;
+------------+----------+----------+----------+----------+----------+
Entries labeled "false path" only account for clock-to-clock false paths and not path-based false paths. As a result, actual path counts may be lower than reported.


---------------
; Report TCCS ;
---------------
No dedicated SERDES Transmitter circuitry present in device or used in design


---------------
; Report RSKM ;
---------------
No non-DPA dedicated SERDES Receiver circuitry present in device or used in design


+------------------------------------------------+
; Unconstrained Paths                            ;
+---------------------------------+-------+------+
; Property                        ; Setup ; Hold ;
+---------------------------------+-------+------+
; Illegal Clocks                  ; 0     ; 0    ;
; Unconstrained Clocks            ; 0     ; 0    ;
; Unconstrained Input Ports       ; 34    ; 34   ;
; Unconstrained Input Port Paths  ; 152   ; 152  ;
; Unconstrained Output Ports      ; 48    ; 48   ;
; Unconstrained Output Port Paths ; 73    ; 73   ;
+---------------------------------+-------+------+


+------------------------------------+
; TimeQuest Timing Analyzer Messages ;
+------------------------------------+
Info: *******************************************************************
Info: Running Quartus II 64-Bit TimeQuest Timing Analyzer
    Info: Version 13.1.0 Build 162 10/23/2013 SJ Web Edition
    Info: Processing started: Sat Apr 23 12:41:59 2016
Info: Command: quartus_sta msxslotreader -c msxslotreader
Info: qsta_default_script.tcl version: #1
Warning (20013): Ignored assignments for entity "plltest" -- entity does not exist in design
    Warning (20014): Assignment for entity set_global_assignment -name IP_TOOL_NAME Qsys -entity plltest -library plltest was ignored
    Warning (20014): Assignment for entity set_global_assignment -name IP_TOOL_VERSION 13.1 -entity plltest -library plltest was ignored
    Warning (20014): Assignment for entity set_global_assignment -name IP_TOOL_ENV Qsys -entity plltest -library plltest was ignored
    Warning (20014): Assignment for entity set_global_assignment -name SLD_INFO "QSYS_NAME plltest HAS_SOPCINFO 1 GENERATION_ID 1461382900" -entity plltest -library plltest was ignored
Info (11104): Parallel Compilation has detected 4 hyper-threaded processors. However, the extra hyper-threaded processors will not be used by default. Parallel Compilation will use 2 of the 2 physical processors detected instead.
Info (21077): Low junction temperature is 0 degrees C
Info (21077): High junction temperature is 85 degrees C
Info (306004): Started post-fitting delay annotation
Info (306005): Delay annotation completed successfully
Critical Warning (332012): Synopsys Design Constraints File file not found: 'msxslotreader.sdc'. A Synopsys Design Constraints File is required by the TimeQuest Timing Analyzer to get proper timing constraints. Without it, the Compiler will not properly optimize the design.
Info (332142): No user constrained base clocks found in the design. Calling "derive_clocks -period 1.0"
Info (332105): Deriving Clocks
    Info (332105): create_clock -period 1.000 -name clk clk
Info: Found TIMEQUEST_REPORT_SCRIPT_INCLUDE_DEFAULT_ANALYSIS = ON
Critical Warning (332148): Timing requirements not met
Info (332146): Worst-case setup slack is -3.477
    Info (332119):     Slack       End Point TNS Clock 
    Info (332119): ========= =================== =====================
    Info (332119):    -3.477             -96.257 clk 
Info (332146): Worst-case hold slack is 1.704
    Info (332119):     Slack       End Point TNS Clock 
    Info (332119): ========= =================== =====================
    Info (332119):     1.704               0.000 clk 
Info (332140): No Recovery paths to report
Info (332140): No Removal paths to report
Info (332146): Worst-case minimum pulse width slack is -2.289
    Info (332119):     Slack       End Point TNS Clock 
    Info (332119): ========= =================== =====================
    Info (332119):    -2.289              -2.289 clk 
Info (332001): The selected device family is not supported by the report_metastability command.
Info (332102): Design is not fully constrained for setup requirements
Info (332102): Design is not fully constrained for hold requirements
Info: Quartus II 64-Bit TimeQuest Timing Analyzer was successful. 0 errors, 7 warnings
    Info: Peak virtual memory: 460 megabytes
    Info: Processing ended: Sat Apr 23 12:42:02 2016
    Info: Elapsed time: 00:00:03
    Info: Total CPU time (on all processors): 00:00:02


