Analysis & Synthesis report for msxbus_simple
Sun Apr 16 21:21:32 2017
Quartus II 64-Bit Version 13.1.0 Build 162 10/23/2013 SJ Web Edition


---------------------
; Table of Contents ;
---------------------
  1. Legal Notice
  2. Analysis & Synthesis Summary
  3. Analysis & Synthesis Settings
  4. Parallel Compilation
  5. Analysis & Synthesis Source Files Read
  6. Analysis & Synthesis Resource Usage Summary
  7. Analysis & Synthesis Resource Utilization by Entity
  8. State Machine - |msxbus_simple|MSXBUS:inst|STATE
  9. Registers Removed During Synthesis
 10. General Register Statistics
 11. Inverted Register Statistics
 12. Multiplexer Restructuring Statistics (Restructuring Performed)
 13. Parameter Settings for User Entity Instance: MSXBUS:inst
 14. Port Connectivity Checks: "MSXBUS:inst"
 15. Analysis & Synthesis Messages
 16. Analysis & Synthesis Suppressed Messages



----------------
; Legal Notice ;
----------------
Copyright (C) 1991-2013 Altera Corporation
Your use of Altera Corporation's design tools, logic functions 
and other software and tools, and its AMPP partner logic 
functions, and any output files from any of the foregoing 
(including device programming or simulation files), and any 
associated documentation or information are expressly subject 
to the terms and conditions of the Altera Program License 
Subscription Agreement, Altera MegaCore Function License 
Agreement, or other applicable license agreement, including, 
without limitation, that your use is for the sole purpose of 
programming logic devices manufactured by Altera and sold by 
Altera or its authorized distributors.  Please refer to the 
applicable agreement for further details.



+--------------------------------------------------------------------------+
; Analysis & Synthesis Summary                                             ;
+-----------------------------+--------------------------------------------+
; Analysis & Synthesis Status ; Successful - Sun Apr 16 21:21:32 2017      ;
; Quartus II 64-Bit Version   ; 13.1.0 Build 162 10/23/2013 SJ Web Edition ;
; Revision Name               ; msxbus_simple                              ;
; Top-level Entity Name       ; msxbus_simple                              ;
; Family                      ; MAX II                                     ;
; Total logic elements        ; 151                                        ;
; Total pins                  ; 65                                         ;
; Total virtual pins          ; 0                                          ;
; UFM blocks                  ; 0 / 1 ( 0 % )                              ;
+-----------------------------+--------------------------------------------+


+----------------------------------------------------------------------------------------------------------------------+
; Analysis & Synthesis Settings                                                                                        ;
+----------------------------------------------------------------------------+--------------------+--------------------+
; Option                                                                     ; Setting            ; Default Value      ;
+----------------------------------------------------------------------------+--------------------+--------------------+
; Device                                                                     ; EPM240T100C5       ;                    ;
; Top-level entity name                                                      ; msxbus_simple      ; msxbus_simple      ;
; Family name                                                                ; MAX II             ; Cyclone IV GX      ;
; Use smart compilation                                                      ; Off                ; Off                ;
; Enable parallel Assembler and TimeQuest Timing Analyzer during compilation ; On                 ; On                 ;
; Enable compact report table                                                ; Off                ; Off                ;
; Restructure Multiplexers                                                   ; Auto               ; Auto               ;
; Create Debugging Nodes for IP Cores                                        ; Off                ; Off                ;
; Preserve fewer node names                                                  ; On                 ; On                 ;
; Disable OpenCore Plus hardware evaluation                                  ; Off                ; Off                ;
; Verilog Version                                                            ; Verilog_2001       ; Verilog_2001       ;
; VHDL Version                                                               ; VHDL_1993          ; VHDL_1993          ;
; State Machine Processing                                                   ; Auto               ; Auto               ;
; Safe State Machine                                                         ; Off                ; Off                ;
; Extract Verilog State Machines                                             ; On                 ; On                 ;
; Extract VHDL State Machines                                                ; On                 ; On                 ;
; Ignore Verilog initial constructs                                          ; Off                ; Off                ;
; Iteration limit for constant Verilog loops                                 ; 5000               ; 5000               ;
; Iteration limit for non-constant Verilog loops                             ; 250                ; 250                ;
; Add Pass-Through Logic to Inferred RAMs                                    ; On                 ; On                 ;
; Infer RAMs from Raw Logic                                                  ; On                 ; On                 ;
; Parallel Synthesis                                                         ; On                 ; On                 ;
; NOT Gate Push-Back                                                         ; On                 ; On                 ;
; Power-Up Don't Care                                                        ; On                 ; On                 ;
; Remove Redundant Logic Cells                                               ; Off                ; Off                ;
; Remove Duplicate Registers                                                 ; On                 ; On                 ;
; Ignore CARRY Buffers                                                       ; Off                ; Off                ;
; Ignore CASCADE Buffers                                                     ; Off                ; Off                ;
; Ignore GLOBAL Buffers                                                      ; Off                ; Off                ;
; Ignore ROW GLOBAL Buffers                                                  ; Off                ; Off                ;
; Ignore LCELL Buffers                                                       ; Off                ; Off                ;
; Ignore SOFT Buffers                                                        ; On                 ; On                 ;
; Limit AHDL Integers to 32 Bits                                             ; Off                ; Off                ;
; Optimization Technique                                                     ; Balanced           ; Balanced           ;
; Carry Chain Length                                                         ; 70                 ; 70                 ;
; Auto Carry Chains                                                          ; On                 ; On                 ;
; Auto Open-Drain Pins                                                       ; On                 ; On                 ;
; Perform WYSIWYG Primitive Resynthesis                                      ; Off                ; Off                ;
; Auto Shift Register Replacement                                            ; Auto               ; Auto               ;
; Allow Shift Register Merging across Hierarchies                            ; Auto               ; Auto               ;
; Auto Clock Enable Replacement                                              ; On                 ; On                 ;
; Allow Synchronous Control Signals                                          ; On                 ; On                 ;
; Force Use of Synchronous Clear Signals                                     ; Off                ; Off                ;
; Auto Resource Sharing                                                      ; Off                ; Off                ;
; Use LogicLock Constraints during Resource Balancing                        ; On                 ; On                 ;
; Ignore translate_off and synthesis_off directives                          ; Off                ; Off                ;
; Report Parameter Settings                                                  ; On                 ; On                 ;
; Report Source Assignments                                                  ; On                 ; On                 ;
; Report Connectivity Checks                                                 ; On                 ; On                 ;
; Ignore Maximum Fan-Out Assignments                                         ; Off                ; Off                ;
; Synchronization Register Chain Length                                      ; 2                  ; 2                  ;
; PowerPlay Power Optimization                                               ; Normal compilation ; Normal compilation ;
; HDL message level                                                          ; Level2             ; Level2             ;
; Suppress Register Optimization Related Messages                            ; Off                ; Off                ;
; Number of Removed Registers Reported in Synthesis Report                   ; 5000               ; 5000               ;
; Number of Swept Nodes Reported in Synthesis Report                         ; 5000               ; 5000               ;
; Number of Inverted Registers Reported in Synthesis Report                  ; 100                ; 100                ;
; Clock MUX Protection                                                       ; On                 ; On                 ;
; Block Design Naming                                                        ; Auto               ; Auto               ;
; Synthesis Effort                                                           ; Auto               ; Auto               ;
; Shift Register Replacement - Allow Asynchronous Clear Signal               ; On                 ; On                 ;
; Pre-Mapping Resynthesis Optimization                                       ; Off                ; Off                ;
; Analysis & Synthesis Message Level                                         ; Medium             ; Medium             ;
; Disable Register Merging Across Hierarchies                                ; Auto               ; Auto               ;
; Synthesis Seed                                                             ; 1                  ; 1                  ;
+----------------------------------------------------------------------------+--------------------+--------------------+


Parallel compilation was disabled, but you have multiple processors available. Enable parallel compilation to reduce compilation time.
+-------------------------------------+
; Parallel Compilation                ;
+----------------------------+--------+
; Processors                 ; Number ;
+----------------------------+--------+
; Number detected on machine ; 4      ;
; Maximum allowed            ; 1      ;
+----------------------------+--------+


+----------------------------------------------------------------------------------------------------------------------------------------------------------------+
; Analysis & Synthesis Source Files Read                                                                                                                         ;
+----------------------------------+-----------------+------------------------+------------------------------------------------------------------------+---------+
; File Name with User-Entered Path ; Used in Netlist ; File Type              ; File Name with Absolute Path                                           ; Library ;
+----------------------------------+-----------------+------------------------+------------------------------------------------------------------------+---------+
; msxbus_simple.v                  ; yes             ; User Verilog HDL File  ; C:/msys64/home/anson/msx-cart2/msxbuspcb_simple/altera/msxbus_simple.v ;         ;
+----------------------------------+-----------------+------------------------+------------------------------------------------------------------------+---------+


+------------------------------------------------------+
; Analysis & Synthesis Resource Usage Summary          ;
+---------------------------------------------+--------+
; Resource                                    ; Usage  ;
+---------------------------------------------+--------+
; Total logic elements                        ; 151    ;
;     -- Combinational with no register       ; 15     ;
;     -- Register only                        ; 111    ;
;     -- Combinational with a register        ; 25     ;
;                                             ;        ;
; Logic element usage by number of LUT inputs ;        ;
;     -- 4 input functions                    ; 10     ;
;     -- 3 input functions                    ; 11     ;
;     -- 2 input functions                    ; 12     ;
;     -- 1 input functions                    ; 7      ;
;     -- 0 input functions                    ; 0      ;
;                                             ;        ;
; Logic elements by mode                      ;        ;
;     -- normal mode                          ; 151    ;
;     -- arithmetic mode                      ; 0      ;
;     -- qfbk mode                            ; 0      ;
;     -- register cascade mode                ; 0      ;
;     -- synchronous clear/load mode          ; 0      ;
;     -- asynchronous clear/load mode         ; 0      ;
;                                             ;        ;
; Total registers                             ; 136    ;
; I/O pins                                    ; 65     ;
; Maximum fan-out node                        ; msxclk ;
; Maximum fan-out                             ; 81     ;
; Total fan-out                               ; 566    ;
; Average fan-out                             ; 2.62   ;
+---------------------------------------------+--------+


+-----------------------------------------------------------------------------------------------------------------------------------------------------------------------------------------------------------------------------+
; Analysis & Synthesis Resource Utilization by Entity                                                                                                                                                                         ;
+----------------------------+-------------+--------------+------------+------+--------------+--------------+-------------------+------------------+-----------------+------------+----------------------------+--------------+
; Compilation Hierarchy Node ; Logic Cells ; LC Registers ; UFM Blocks ; Pins ; Virtual Pins ; LUT-Only LCs ; Register-Only LCs ; LUT/Register LCs ; Carry Chain LCs ; Packed LCs ; Full Hierarchy Name        ; Library Name ;
+----------------------------+-------------+--------------+------------+------+--------------+--------------+-------------------+------------------+-----------------+------------+----------------------------+--------------+
; |msxbus_simple             ; 151 (62)    ; 136          ; 0          ; 65   ; 0            ; 15 (5)       ; 111 (51)          ; 25 (6)           ; 0 (0)           ; 0 (0)      ; |msxbus_simple             ; work         ;
;    |MSXBUS:inst|           ; 89 (89)     ; 79           ; 0          ; 0    ; 0            ; 10 (10)      ; 60 (60)           ; 19 (19)          ; 0 (0)           ; 0 (0)      ; |msxbus_simple|MSXBUS:inst ; work         ;
+----------------------------+-------------+--------------+------------+------+--------------+--------------+-------------------+------------------+-----------------+------------+----------------------------+--------------+
Note: For table entries with two numbers listed, the numbers in parentheses indicate the number of resources of the given type used by the specific entity alone. The numbers listed outside of parentheses indicate the total resources of the given type used by the specific entity and all of its sub-entities in the hierarchy.


Encoding Type:  One-Hot
+-------------------------------------------------------------------------------------------------------------------------------------------------+
; State Machine - |msxbus_simple|MSXBUS:inst|STATE                                                                                                ;
+-------------------+----------------+------------------+-------------------+-----------------+----------------+----------------+-----------------+
; Name              ; STATE.COMPLETE ; STATE.READ_COMPL ; STATE.WRITE_COMPL ; STATE.WRITE_REQ ; STATE.READ_REQ ; STATE.INIT_SIG ; STATE.INIT_ADDR ;
+-------------------+----------------+------------------+-------------------+-----------------+----------------+----------------+-----------------+
; STATE.INIT_ADDR   ; 0              ; 0                ; 0                 ; 0               ; 0              ; 0              ; 0               ;
; STATE.INIT_SIG    ; 0              ; 0                ; 0                 ; 0               ; 0              ; 1              ; 1               ;
; STATE.READ_REQ    ; 0              ; 0                ; 0                 ; 0               ; 1              ; 0              ; 1               ;
; STATE.WRITE_REQ   ; 0              ; 0                ; 0                 ; 1               ; 0              ; 0              ; 1               ;
; STATE.WRITE_COMPL ; 0              ; 0                ; 1                 ; 0               ; 0              ; 0              ; 1               ;
; STATE.READ_COMPL  ; 0              ; 1                ; 0                 ; 0               ; 0              ; 0              ; 1               ;
; STATE.COMPLETE    ; 1              ; 0                ; 0                 ; 0               ; 0              ; 0              ; 1               ;
+-------------------+----------------+------------------+-------------------+-----------------+----------------+----------------+-----------------+


+---------------------------------------------------------------------------------+
; Registers Removed During Synthesis                                              ;
+----------------------------------------+----------------------------------------+
; Register name                          ; Reason for Removal                     ;
+----------------------------------------+----------------------------------------+
; MD[8]~reg0                             ; Stuck at GND due to stuck port data_in ;
; MD[15]~reg0                            ; Stuck at GND due to stuck port data_in ;
; MD[14]~reg0                            ; Stuck at GND due to stuck port data_in ;
; MD[13]~reg0                            ; Stuck at GND due to stuck port data_in ;
; MD[12]~reg0                            ; Stuck at GND due to stuck port data_in ;
; MD[11]~reg0                            ; Stuck at GND due to stuck port data_in ;
; MD[10]~reg0                            ; Stuck at GND due to stuck port data_in ;
; MD[9]~reg0                             ; Stuck at GND due to stuck port data_in ;
; MSXBUS:inst|RESET1~reg0                ; Stuck at GND due to stuck port data_in ;
; MSXBUS:inst|M1~reg0                    ; Stuck at GND due to stuck port data_in ;
; MSXBUS:inst|STATE.READ_COMPL           ; Lost fanout                            ;
; MSXBUS:inst|STATE~9                    ; Lost fanout                            ;
; MSXBUS:inst|STATE~10                   ; Lost fanout                            ;
; MSXBUS:inst|STATE~11                   ; Lost fanout                            ;
; MSXBUS:inst|STATE~12                   ; Lost fanout                            ;
; Total Number of Removed Registers = 15 ;                                        ;
+----------------------------------------+----------------------------------------+


+------------------------------------------------------+
; General Register Statistics                          ;
+----------------------------------------------+-------+
; Statistic                                    ; Value ;
+----------------------------------------------+-------+
; Total registers                              ; 136   ;
; Number of registers using Synchronous Clear  ; 0     ;
; Number of registers using Synchronous Load   ; 0     ;
; Number of registers using Asynchronous Clear ; 0     ;
; Number of registers using Asynchronous Load  ; 0     ;
; Number of registers using Clock Enable       ; 123   ;
; Number of registers using Preset             ; 0     ;
+----------------------------------------------+-------+


+--------------------------------------------------+
; Inverted Register Statistics                     ;
+----------------------------------------+---------+
; Inverted Register                      ; Fan out ;
+----------------------------------------+---------+
; READY~reg0                             ; 2       ;
; en                                     ; 27      ;
; Total number of inverted registers = 2 ;         ;
+----------------------------------------+---------+


+----------------------------------------------------------------------------------------------------------------------------------------------------+
; Multiplexer Restructuring Statistics (Restructuring Performed)                                                                                     ;
+--------------------+-----------+---------------+----------------------+------------------------+------------+--------------------------------------+
; Multiplexer Inputs ; Bus Width ; Baseline Area ; Area if Restructured ; Saving if Restructured ; Registered ; Example Multiplexer Output           ;
+--------------------+-----------+---------------+----------------------+------------------------+------------+--------------------------------------+
; 5:1                ; 2 bits    ; 6 LEs         ; 2 LEs                ; 4 LEs                  ; Yes        ; |msxbus_simple|MSXBUS:inst|MREQ      ;
; 6:1                ; 2 bits    ; 8 LEs         ; 4 LEs                ; 4 LEs                  ; No         ; |msxbus_simple|MSXBUS:inst|Selector2 ;
+--------------------+-----------+---------------+----------------------+------------------------+------------+--------------------------------------+


+----------------------------------------------------------+
; Parameter Settings for User Entity Instance: MSXBUS:inst ;
+----------------+-------+---------------------------------+
; Parameter Name ; Value ; Type                            ;
+----------------+-------+---------------------------------+
; INIT_ADDR      ; 0     ; Signed Integer                  ;
; INIT_SIG       ; 1     ; Signed Integer                  ;
; READ_REQ       ; 2     ; Signed Integer                  ;
; WRITE_REQ      ; 3     ; Signed Integer                  ;
; WRITE_COMPL    ; 4     ; Signed Integer                  ;
; READ_COMPL     ; 5     ; Signed Integer                  ;
; COMPLETE       ; 6     ; Signed Integer                  ;
+----------------+-------+---------------------------------+
Note: In order to hide this table in the UI and the text report file, please set the "Show Parameter Settings in Synthesis Report" option in "Analysis and Synthesis Settings -> More Settings" to "Off".


+------------------------------------------------------------------------------------------------------------------------------------------------------------------------+
; Port Connectivity Checks: "MSXBUS:inst"                                                                                                                                ;
+------+-------+----------+----------------------------------------------------------------------------------------------------------------------------------------------+
; Port ; Type  ; Severity ; Details                                                                                                                                      ;
+------+-------+----------+----------------------------------------------------------------------------------------------------------------------------------------------+
; WAIT ; Input ; Warning  ; Declared by entity but not connected by instance. If a default value exists, it will be used.  Otherwise, the port will be connected to GND. ;
; SW0  ; Input ; Warning  ; Declared by entity but not connected by instance. If a default value exists, it will be used.  Otherwise, the port will be connected to GND. ;
; SW1  ; Input ; Warning  ; Declared by entity but not connected by instance. If a default value exists, it will be used.  Otherwise, the port will be connected to GND. ;
+------+-------+----------+----------------------------------------------------------------------------------------------------------------------------------------------+


+-------------------------------+
; Analysis & Synthesis Messages ;
+-------------------------------+
Info: *******************************************************************
Info: Running Quartus II 64-Bit Analysis & Synthesis
    Info: Version 13.1.0 Build 162 10/23/2013 SJ Web Edition
    Info: Processing started: Sun Apr 16 21:21:28 2017
Info: Command: quartus_map --read_settings_files=on --write_settings_files=off msxbus_simple -c msxbus_simple
Warning (20028): Parallel compilation is not licensed and has been disabled
Info (12021): Found 3 design units, including 1 entities, in source file sram_controller.vhd
    Info (12022): Found design unit 1: sram_pkg
    Info (12022): Found design unit 2: sram_controller-beh_component
    Info (12023): Found entity 1: sram_controller
Info (12021): Found 2 design units, including 2 entities, in source file msxbus_simple.v
    Info (12023): Found entity 1: msxbus_simple
    Info (12023): Found entity 2: MSXBUS
Info (12127): Elaborating entity "msxbus_simple" for the top level hierarchy
Warning (10036): Verilog HDL or VHDL warning at msxbus_simple.v(49): object "cycle" assigned a value but never read
Warning (10034): Output port "RFSH" at msxbus_simple.v(40) has no driver
Info (12128): Elaborating entity "MSXBUS" for hierarchy "MSXBUS:inst"
Warning (12241): 1 hierarchies have connectivity warnings - see the Connectivity Checks report folder
Warning (13024): Output pins are stuck at VCC or GND
    Warning (13410): Pin "SWOUT" is stuck at GND
    Warning (13410): Pin "RFSH" is stuck at GND
Info (17049): 5 registers lost all their fanouts during netlist optimizations.
Warning (21074): Design contains 3 input pin(s) that do not drive logic
    Warning (15610): No output dependent on input pin "INT"
    Warning (15610): No output dependent on input pin "BUSDIR"
    Warning (15610): No output dependent on input pin "WAIT"
Info (21057): Implemented 216 device resources after synthesis - the final resource count might be different
    Info (21058): Implemented 8 input pins
    Info (21059): Implemented 33 output pins
    Info (21060): Implemented 24 bidirectional pins
    Info (21061): Implemented 151 logic cells
Info (144001): Generated suppressed messages file C:/msys64/home/anson/msx-cart2/msxbuspcb_simple/altera/output_files/msxbus_simple.map.smsg
Info: Quartus II 64-Bit Analysis & Synthesis was successful. 0 errors, 11 warnings
    Info: Peak virtual memory: 540 megabytes
    Info: Processing ended: Sun Apr 16 21:21:32 2017
    Info: Elapsed time: 00:00:04
    Info: Total CPU time (on all processors): 00:00:04


+------------------------------------------+
; Analysis & Synthesis Suppressed Messages ;
+------------------------------------------+
The suppressed messages can be found in C:/msys64/home/anson/msx-cart2/msxbuspcb_simple/altera/output_files/msxbus_simple.map.smsg.


