Analysis & Synthesis report for RPMPv3
Sat Apr 21 18:55:11 2018
Quartus Prime Version 17.1.0 Build 590 10/25/2017 SJ Lite Edition


---------------------
; Table of Contents ;
---------------------
  1. Legal Notice
  2. Analysis & Synthesis Summary
  3. Analysis & Synthesis Settings
  4. Parallel Compilation
  5. Analysis & Synthesis Source Files Read
  6. Analysis & Synthesis Resource Usage Summary
  7. Analysis & Synthesis Resource Utilization by Entity
  8. Registers Removed During Synthesis
  9. General Register Statistics
 10. Analysis & Synthesis Messages
 11. Analysis & Synthesis Suppressed Messages



----------------
; Legal Notice ;
----------------
Copyright (C) 2017  Intel Corporation. All rights reserved.
Your use of Intel Corporation's design tools, logic functions 
and other software and tools, and its AMPP partner logic 
functions, and any output files from any of the foregoing 
(including device programming or simulation files), and any 
associated documentation or information are expressly subject 
to the terms and conditions of the Intel Program License 
Subscription Agreement, the Intel Quartus Prime License Agreement,
the Intel FPGA IP License Agreement, or other applicable license
agreement, including, without limitation, that your use is for
the sole purpose of programming logic devices manufactured by
Intel and sold by Intel or its authorized distributors.  Please
refer to the applicable agreement for further details.



+---------------------------------------------------------------------------+
; Analysis & Synthesis Summary                                              ;
+-----------------------------+---------------------------------------------+
; Analysis & Synthesis Status ; Successful - Sat Apr 21 18:55:11 2018       ;
; Quartus Prime Version       ; 17.1.0 Build 590 10/25/2017 SJ Lite Edition ;
; Revision Name               ; RPMPv3                                      ;
; Top-level Entity Name       ; RPMPv3                                      ;
; Family                      ; MAX II                                      ;
; Total logic elements        ; 34                                          ;
; Total pins                  ; 68                                          ;
; Total virtual pins          ; 1                                           ;
; UFM blocks                  ; 0 / 1 ( 0 % )                               ;
+-----------------------------+---------------------------------------------+


+----------------------------------------------------------------------------------------------------------------------+
; Analysis & Synthesis Settings                                                                                        ;
+----------------------------------------------------------------------------+--------------------+--------------------+
; Option                                                                     ; Setting            ; Default Value      ;
+----------------------------------------------------------------------------+--------------------+--------------------+
; Device                                                                     ; EPM240T100C5       ;                    ;
; Top-level entity name                                                      ; RPMPv3             ; RPMPv3             ;
; Family name                                                                ; MAX II             ; Cyclone V          ;
; Use smart compilation                                                      ; Off                ; Off                ;
; Enable parallel Assembler and TimeQuest Timing Analyzer during compilation ; On                 ; On                 ;
; Enable compact report table                                                ; Off                ; Off                ;
; Restructure Multiplexers                                                   ; Auto               ; Auto               ;
; Create Debugging Nodes for IP Cores                                        ; Off                ; Off                ;
; Preserve fewer node names                                                  ; On                 ; On                 ;
; Intel FPGA IP Evaluation Mode                                              ; Enable             ; Enable             ;
; Verilog Version                                                            ; Verilog_2001       ; Verilog_2001       ;
; VHDL Version                                                               ; VHDL_1993          ; VHDL_1993          ;
; State Machine Processing                                                   ; Auto               ; Auto               ;
; Safe State Machine                                                         ; Off                ; Off                ;
; Extract Verilog State Machines                                             ; On                 ; On                 ;
; Extract VHDL State Machines                                                ; On                 ; On                 ;
; Ignore Verilog initial constructs                                          ; Off                ; Off                ;
; Iteration limit for constant Verilog loops                                 ; 5000               ; 5000               ;
; Iteration limit for non-constant Verilog loops                             ; 250                ; 250                ;
; Add Pass-Through Logic to Inferred RAMs                                    ; On                 ; On                 ;
; Infer RAMs from Raw Logic                                                  ; On                 ; On                 ;
; Parallel Synthesis                                                         ; On                 ; On                 ;
; NOT Gate Push-Back                                                         ; On                 ; On                 ;
; Power-Up Don't Care                                                        ; On                 ; On                 ;
; Remove Redundant Logic Cells                                               ; Off                ; Off                ;
; Remove Duplicate Registers                                                 ; On                 ; On                 ;
; Ignore CARRY Buffers                                                       ; Off                ; Off                ;
; Ignore CASCADE Buffers                                                     ; Off                ; Off                ;
; Ignore GLOBAL Buffers                                                      ; Off                ; Off                ;
; Ignore ROW GLOBAL Buffers                                                  ; Off                ; Off                ;
; Ignore LCELL Buffers                                                       ; Off                ; Off                ;
; Ignore SOFT Buffers                                                        ; On                 ; On                 ;
; Limit AHDL Integers to 32 Bits                                             ; Off                ; Off                ;
; Optimization Technique                                                     ; Balanced           ; Balanced           ;
; Carry Chain Length                                                         ; 70                 ; 70                 ;
; Auto Carry Chains                                                          ; On                 ; On                 ;
; Auto Open-Drain Pins                                                       ; On                 ; On                 ;
; Perform WYSIWYG Primitive Resynthesis                                      ; Off                ; Off                ;
; Auto Shift Register Replacement                                            ; Auto               ; Auto               ;
; Allow Shift Register Merging across Hierarchies                            ; Auto               ; Auto               ;
; Auto Clock Enable Replacement                                              ; On                 ; On                 ;
; Allow Synchronous Control Signals                                          ; On                 ; On                 ;
; Force Use of Synchronous Clear Signals                                     ; Off                ; Off                ;
; Auto Resource Sharing                                                      ; Off                ; Off                ;
; Use LogicLock Constraints during Resource Balancing                        ; On                 ; On                 ;
; Ignore translate_off and synthesis_off directives                          ; Off                ; Off                ;
; Report Parameter Settings                                                  ; On                 ; On                 ;
; Report Source Assignments                                                  ; On                 ; On                 ;
; Report Connectivity Checks                                                 ; On                 ; On                 ;
; Ignore Maximum Fan-Out Assignments                                         ; Off                ; Off                ;
; Synchronization Register Chain Length                                      ; 2                  ; 2                  ;
; Power Optimization During Synthesis                                        ; Normal compilation ; Normal compilation ;
; HDL message level                                                          ; Level2             ; Level2             ;
; Suppress Register Optimization Related Messages                            ; Off                ; Off                ;
; Number of Removed Registers Reported in Synthesis Report                   ; 5000               ; 5000               ;
; Number of Swept Nodes Reported in Synthesis Report                         ; 5000               ; 5000               ;
; Number of Inverted Registers Reported in Synthesis Report                  ; 100                ; 100                ;
; Clock MUX Protection                                                       ; On                 ; On                 ;
; Block Design Naming                                                        ; Auto               ; Auto               ;
; Synthesis Effort                                                           ; Auto               ; Auto               ;
; Shift Register Replacement - Allow Asynchronous Clear Signal               ; On                 ; On                 ;
; Analysis & Synthesis Message Level                                         ; Medium             ; Medium             ;
; Disable Register Merging Across Hierarchies                                ; Auto               ; Auto               ;
+----------------------------------------------------------------------------+--------------------+--------------------+


+------------------------------------------+
; Parallel Compilation                     ;
+----------------------------+-------------+
; Processors                 ; Number      ;
+----------------------------+-------------+
; Number detected on machine ; 4           ;
; Maximum allowed            ; 4           ;
;                            ;             ;
; Average used               ; 1.00        ;
; Maximum used               ; 1           ;
;                            ;             ;
; Usage by Processor         ; % Time Used ;
;     Processor 1            ; 100.0%      ;
+----------------------------+-------------+


+-----------------------------------------------------------------------------------------------------------------------------------------------+
; Analysis & Synthesis Source Files Read                                                                                                        ;
+----------------------------------+-----------------+------------------------+-------------------------------------------------------+---------+
; File Name with User-Entered Path ; Used in Netlist ; File Type              ; File Name with Absolute Path                          ; Library ;
+----------------------------------+-----------------+------------------------+-------------------------------------------------------+---------+
; RPMPv3.v                         ; yes             ; User Verilog HDL File  ; C:/msys64/home/meesokim/msx-cartridge/rpmpv3/RPMPv3.v ;         ;
+----------------------------------+-----------------+------------------------+-------------------------------------------------------+---------+


+-----------------------------------------------------+
; Analysis & Synthesis Resource Usage Summary         ;
+---------------------------------------------+-------+
; Resource                                    ; Usage ;
+---------------------------------------------+-------+
; Total logic elements                        ; 34    ;
;     -- Combinational with no register       ; 2     ;
;     -- Register only                        ; 16    ;
;     -- Combinational with a register        ; 16    ;
;                                             ;       ;
; Logic element usage by number of LUT inputs ;       ;
;     -- 4 input functions                    ; 0     ;
;     -- 3 input functions                    ; 0     ;
;     -- 2 input functions                    ; 17    ;
;     -- 1 input functions                    ; 1     ;
;     -- 0 input functions                    ; 0     ;
;                                             ;       ;
; Logic elements by mode                      ;       ;
;     -- normal mode                          ; 20    ;
;     -- arithmetic mode                      ; 14    ;
;     -- qfbk mode                            ; 0     ;
;     -- register cascade mode                ; 0     ;
;     -- synchronous clear/load mode          ; 0     ;
;     -- asynchronous clear/load mode         ; 0     ;
;                                             ;       ;
; Total registers                             ; 32    ;
; Total logic cells in carry chains           ; 15    ;
; Virtual pins                                ; 1     ;
; I/O pins                                    ; 68    ;
; Maximum fan-out node                        ; gclk  ;
; Maximum fan-out                             ; 32    ;
; Total fan-out                               ; 116   ;
; Average fan-out                             ; 1.13  ;
+---------------------------------------------+-------+


+------------------------------------------------------------------------------------------------------------------------------------------------------------------------------------------------------------------------------------+
; Analysis & Synthesis Resource Utilization by Entity                                                                                                                                                                                ;
+----------------------------+-------------+--------------+------------+------+--------------+--------------+-------------------+------------------+-----------------+------------+---------------------+-------------+--------------+
; Compilation Hierarchy Node ; Logic Cells ; LC Registers ; UFM Blocks ; Pins ; Virtual Pins ; LUT-Only LCs ; Register-Only LCs ; LUT/Register LCs ; Carry Chain LCs ; Packed LCs ; Full Hierarchy Name ; Entity Name ; Library Name ;
+----------------------------+-------------+--------------+------------+------+--------------+--------------+-------------------+------------------+-----------------+------------+---------------------+-------------+--------------+
; |RPMPv3                    ; 34 (34)     ; 32           ; 0          ; 68   ; 1            ; 2 (2)        ; 16 (16)           ; 16 (16)          ; 15 (15)         ; 0 (0)      ; |RPMPv3             ; RPMPv3      ; work         ;
+----------------------------+-------------+--------------+------------+------+--------------+--------------+-------------------+------------------+-----------------+------------+---------------------+-------------+--------------+
Note: For table entries with two numbers listed, the numbers in parentheses indicate the number of resources of the given type used by the specific entity alone. The numbers listed outside of parentheses indicate the total resources of the given type used by the specific entity and all of its sub-entities in the hierarchy.


+--------------------------------------------------------------------------------+
; Registers Removed During Synthesis                                             ;
+---------------------------------------+----------------------------------------+
; Register name                         ; Reason for Removal                     ;
+---------------------------------------+----------------------------------------+
; rbusdir2                              ; Stuck at VCC due to stuck port data_in ;
; Total Number of Removed Registers = 1 ;                                        ;
+---------------------------------------+----------------------------------------+


+------------------------------------------------------+
; General Register Statistics                          ;
+----------------------------------------------+-------+
; Statistic                                    ; Value ;
+----------------------------------------------+-------+
; Total registers                              ; 32    ;
; Number of registers using Synchronous Clear  ; 0     ;
; Number of registers using Synchronous Load   ; 0     ;
; Number of registers using Asynchronous Clear ; 0     ;
; Number of registers using Asynchronous Load  ; 0     ;
; Number of registers using Clock Enable       ; 0     ;
; Number of registers using Preset             ; 0     ;
+----------------------------------------------+-------+


+-------------------------------+
; Analysis & Synthesis Messages ;
+-------------------------------+
Info: *******************************************************************
Info: Running Quartus Prime Analysis & Synthesis
    Info: Version 17.1.0 Build 590 10/25/2017 SJ Lite Edition
    Info: Processing started: Sat Apr 21 18:54:50 2018
Info: Command: quartus_map --read_settings_files=on --write_settings_files=off RPMPv3 -c RPMPv3
Warning (18236): Number of processors has not been specified which may cause overloading on shared machines.  Set the global assignment NUM_PARALLEL_PROCESSORS in your QSF to an appropriate value for best performance.
Info (20032): Parallel compilation is enabled and will use up to 4 processors
Info (12021): Found 1 design units, including 1 entities, in source file rpmpv3.v
    Info (12023): Found entity 1: RPMPv3 File: C:/msys64/home/meesokim/msx-cartridge/rpmpv3/RPMPv3.v Line: 1
Info (12127): Elaborating entity "RPMPv3" for the top level hierarchy
Warning (10036): Verilog HDL or VHDL warning at RPMPv3.v(31): object "time0" assigned a value but never read File: C:/msys64/home/meesokim/msx-cartridge/rpmpv3/RPMPv3.v Line: 31
Warning (10036): Verilog HDL or VHDL warning at RPMPv3.v(34): object "wdata" assigned a value but never read File: C:/msys64/home/meesokim/msx-cartridge/rpmpv3/RPMPv3.v Line: 34
Warning (10036): Verilog HDL or VHDL warning at RPMPv3.v(35): object "rw" assigned a value but never read File: C:/msys64/home/meesokim/msx-cartridge/rpmpv3/RPMPv3.v Line: 35
Warning (10036): Verilog HDL or VHDL warning at RPMPv3.v(36): object "iomem" assigned a value but never read File: C:/msys64/home/meesokim/msx-cartridge/rpmpv3/RPMPv3.v Line: 36
Warning (10036): Verilog HDL or VHDL warning at RPMPv3.v(39): object "rwait" assigned a value but never read File: C:/msys64/home/meesokim/msx-cartridge/rpmpv3/RPMPv3.v Line: 39
Warning (10036): Verilog HDL or VHDL warning at RPMPv3.v(40): object "rint" assigned a value but never read File: C:/msys64/home/meesokim/msx-cartridge/rpmpv3/RPMPv3.v Line: 40
Warning (10036): Verilog HDL or VHDL warning at RPMPv3.v(41): object "rbusdir" assigned a value but never read File: C:/msys64/home/meesokim/msx-cartridge/rpmpv3/RPMPv3.v Line: 41
Warning (10036): Verilog HDL or VHDL warning at RPMPv3.v(49): object "rtest" assigned a value but never read File: C:/msys64/home/meesokim/msx-cartridge/rpmpv3/RPMPv3.v Line: 49
Warning (10036): Verilog HDL or VHDL warning at RPMPv3.v(51): object "ratn0" assigned a value but never read File: C:/msys64/home/meesokim/msx-cartridge/rpmpv3/RPMPv3.v Line: 51
Warning (10036): Verilog HDL or VHDL warning at RPMPv3.v(54): object "RATN_risingedge" assigned a value but never read File: C:/msys64/home/meesokim/msx-cartridge/rpmpv3/RPMPv3.v Line: 54
Warning (10036): Verilog HDL or VHDL warning at RPMPv3.v(55): object "RATN_fallingedge" assigned a value but never read File: C:/msys64/home/meesokim/msx-cartridge/rpmpv3/RPMPv3.v Line: 55
Warning (10230): Verilog HDL assignment warning at RPMPv3.v(98): truncated value with size 32 to match size of target (8) File: C:/msys64/home/meesokim/msx-cartridge/rpmpv3/RPMPv3.v Line: 98
Warning (10230): Verilog HDL assignment warning at RPMPv3.v(153): truncated value with size 32 to match size of target (16) File: C:/msys64/home/meesokim/msx-cartridge/rpmpv3/RPMPv3.v Line: 153
Warning (13034): The following nodes have both tri-state and non-tri-state drivers
    Warning (13035): Inserted always-enabled tri-state buffer between "r[0]" and its non-tri-state driver. File: C:/msys64/home/meesokim/msx-cartridge/rpmpv3/RPMPv3.v Line: 114
    Warning (13035): Inserted always-enabled tri-state buffer between "r[1]" and its non-tri-state driver. File: C:/msys64/home/meesokim/msx-cartridge/rpmpv3/RPMPv3.v Line: 114
    Warning (13035): Inserted always-enabled tri-state buffer between "r[2]" and its non-tri-state driver. File: C:/msys64/home/meesokim/msx-cartridge/rpmpv3/RPMPv3.v Line: 114
    Warning (13035): Inserted always-enabled tri-state buffer between "r[3]" and its non-tri-state driver. File: C:/msys64/home/meesokim/msx-cartridge/rpmpv3/RPMPv3.v Line: 114
    Warning (13035): Inserted always-enabled tri-state buffer between "r[4]" and its non-tri-state driver. File: C:/msys64/home/meesokim/msx-cartridge/rpmpv3/RPMPv3.v Line: 114
    Warning (13035): Inserted always-enabled tri-state buffer between "r[5]" and its non-tri-state driver. File: C:/msys64/home/meesokim/msx-cartridge/rpmpv3/RPMPv3.v Line: 114
    Warning (13035): Inserted always-enabled tri-state buffer between "r[6]" and its non-tri-state driver. File: C:/msys64/home/meesokim/msx-cartridge/rpmpv3/RPMPv3.v Line: 114
    Warning (13035): Inserted always-enabled tri-state buffer between "r[7]" and its non-tri-state driver. File: C:/msys64/home/meesokim/msx-cartridge/rpmpv3/RPMPv3.v Line: 114
    Warning (13035): Inserted always-enabled tri-state buffer between "r[8]" and its non-tri-state driver. File: C:/msys64/home/meesokim/msx-cartridge/rpmpv3/RPMPv3.v Line: 114
    Warning (13035): Inserted always-enabled tri-state buffer between "r[9]" and its non-tri-state driver. File: C:/msys64/home/meesokim/msx-cartridge/rpmpv3/RPMPv3.v Line: 114
    Warning (13035): Inserted always-enabled tri-state buffer between "r[10]" and its non-tri-state driver. File: C:/msys64/home/meesokim/msx-cartridge/rpmpv3/RPMPv3.v Line: 114
    Warning (13035): Inserted always-enabled tri-state buffer between "r[11]" and its non-tri-state driver. File: C:/msys64/home/meesokim/msx-cartridge/rpmpv3/RPMPv3.v Line: 114
    Warning (13035): Inserted always-enabled tri-state buffer between "r[12]" and its non-tri-state driver. File: C:/msys64/home/meesokim/msx-cartridge/rpmpv3/RPMPv3.v Line: 114
    Warning (13035): Inserted always-enabled tri-state buffer between "r[13]" and its non-tri-state driver. File: C:/msys64/home/meesokim/msx-cartridge/rpmpv3/RPMPv3.v Line: 114
    Warning (13035): Inserted always-enabled tri-state buffer between "r[14]" and its non-tri-state driver. File: C:/msys64/home/meesokim/msx-cartridge/rpmpv3/RPMPv3.v Line: 114
    Warning (13035): Inserted always-enabled tri-state buffer between "r[15]" and its non-tri-state driver. File: C:/msys64/home/meesokim/msx-cartridge/rpmpv3/RPMPv3.v Line: 114
Warning (13009): TRI or OPNDRN buffers permanently enabled
    Warning (13010): Node "r[0]~synth" File: C:/msys64/home/meesokim/msx-cartridge/rpmpv3/RPMPv3.v Line: 114
    Warning (13010): Node "r[1]~synth" File: C:/msys64/home/meesokim/msx-cartridge/rpmpv3/RPMPv3.v Line: 114
    Warning (13010): Node "r[2]~synth" File: C:/msys64/home/meesokim/msx-cartridge/rpmpv3/RPMPv3.v Line: 114
    Warning (13010): Node "r[3]~synth" File: C:/msys64/home/meesokim/msx-cartridge/rpmpv3/RPMPv3.v Line: 114
    Warning (13010): Node "r[4]~synth" File: C:/msys64/home/meesokim/msx-cartridge/rpmpv3/RPMPv3.v Line: 114
    Warning (13010): Node "r[5]~synth" File: C:/msys64/home/meesokim/msx-cartridge/rpmpv3/RPMPv3.v Line: 114
    Warning (13010): Node "r[6]~synth" File: C:/msys64/home/meesokim/msx-cartridge/rpmpv3/RPMPv3.v Line: 114
    Warning (13010): Node "r[7]~synth" File: C:/msys64/home/meesokim/msx-cartridge/rpmpv3/RPMPv3.v Line: 114
    Warning (13010): Node "r[8]~synth" File: C:/msys64/home/meesokim/msx-cartridge/rpmpv3/RPMPv3.v Line: 114
    Warning (13010): Node "r[9]~synth" File: C:/msys64/home/meesokim/msx-cartridge/rpmpv3/RPMPv3.v Line: 114
    Warning (13010): Node "r[10]~synth" File: C:/msys64/home/meesokim/msx-cartridge/rpmpv3/RPMPv3.v Line: 114
    Warning (13010): Node "r[11]~synth" File: C:/msys64/home/meesokim/msx-cartridge/rpmpv3/RPMPv3.v Line: 114
    Warning (13010): Node "r[12]~synth" File: C:/msys64/home/meesokim/msx-cartridge/rpmpv3/RPMPv3.v Line: 114
    Warning (13010): Node "r[13]~synth" File: C:/msys64/home/meesokim/msx-cartridge/rpmpv3/RPMPv3.v Line: 114
    Warning (13010): Node "r[14]~synth" File: C:/msys64/home/meesokim/msx-cartridge/rpmpv3/RPMPv3.v Line: 114
    Warning (13010): Node "r[15]~synth" File: C:/msys64/home/meesokim/msx-cartridge/rpmpv3/RPMPv3.v Line: 114
Warning (13024): Output pins are stuck at VCC or GND
    Warning (13410): Pin "nwait" is stuck at VCC File: C:/msys64/home/meesokim/msx-cartridge/rpmpv3/RPMPv3.v Line: 16
    Warning (13410): Pin "ad" is stuck at GND File: C:/msys64/home/meesokim/msx-cartridge/rpmpv3/RPMPv3.v Line: 17
    Warning (13410): Pin "cd" is stuck at GND File: C:/msys64/home/meesokim/msx-cartridge/rpmpv3/RPMPv3.v Line: 19
    Warning (13410): Pin "nint" is stuck at VCC File: C:/msys64/home/meesokim/msx-cartridge/rpmpv3/RPMPv3.v Line: 20
    Warning (13410): Pin "nbusdir" is stuck at VCC File: C:/msys64/home/meesokim/msx-cartridge/rpmpv3/RPMPv3.v Line: 21
    Warning (13410): Pin "ack" is stuck at GND File: C:/msys64/home/meesokim/msx-cartridge/rpmpv3/RPMPv3.v Line: 27
Warning (21074): Design contains 23 input pin(s) that do not drive logic
    Warning (15610): No output dependent on input pin "a[0]" File: C:/msys64/home/meesokim/msx-cartridge/rpmpv3/RPMPv3.v Line: 5
    Warning (15610): No output dependent on input pin "a[1]" File: C:/msys64/home/meesokim/msx-cartridge/rpmpv3/RPMPv3.v Line: 5
    Warning (15610): No output dependent on input pin "a[2]" File: C:/msys64/home/meesokim/msx-cartridge/rpmpv3/RPMPv3.v Line: 5
    Warning (15610): No output dependent on input pin "a[3]" File: C:/msys64/home/meesokim/msx-cartridge/rpmpv3/RPMPv3.v Line: 5
    Warning (15610): No output dependent on input pin "a[4]" File: C:/msys64/home/meesokim/msx-cartridge/rpmpv3/RPMPv3.v Line: 5
    Warning (15610): No output dependent on input pin "a[5]" File: C:/msys64/home/meesokim/msx-cartridge/rpmpv3/RPMPv3.v Line: 5
    Warning (15610): No output dependent on input pin "a[6]" File: C:/msys64/home/meesokim/msx-cartridge/rpmpv3/RPMPv3.v Line: 5
    Warning (15610): No output dependent on input pin "a[7]" File: C:/msys64/home/meesokim/msx-cartridge/rpmpv3/RPMPv3.v Line: 5
    Warning (15610): No output dependent on input pin "a[8]" File: C:/msys64/home/meesokim/msx-cartridge/rpmpv3/RPMPv3.v Line: 5
    Warning (15610): No output dependent on input pin "a[9]" File: C:/msys64/home/meesokim/msx-cartridge/rpmpv3/RPMPv3.v Line: 5
    Warning (15610): No output dependent on input pin "a[10]" File: C:/msys64/home/meesokim/msx-cartridge/rpmpv3/RPMPv3.v Line: 5
    Warning (15610): No output dependent on input pin "a[11]" File: C:/msys64/home/meesokim/msx-cartridge/rpmpv3/RPMPv3.v Line: 5
    Warning (15610): No output dependent on input pin "a[12]" File: C:/msys64/home/meesokim/msx-cartridge/rpmpv3/RPMPv3.v Line: 5
    Warning (15610): No output dependent on input pin "a[13]" File: C:/msys64/home/meesokim/msx-cartridge/rpmpv3/RPMPv3.v Line: 5
    Warning (15610): No output dependent on input pin "a[14]" File: C:/msys64/home/meesokim/msx-cartridge/rpmpv3/RPMPv3.v Line: 5
    Warning (15610): No output dependent on input pin "a[15]" File: C:/msys64/home/meesokim/msx-cartridge/rpmpv3/RPMPv3.v Line: 5
    Warning (15610): No output dependent on input pin "m1" File: C:/msys64/home/meesokim/msx-cartridge/rpmpv3/RPMPv3.v Line: 7
    Warning (15610): No output dependent on input pin "iorq" File: C:/msys64/home/meesokim/msx-cartridge/rpmpv3/RPMPv3.v Line: 11
    Warning (15610): No output dependent on input pin "clk" File: C:/msys64/home/meesokim/msx-cartridge/rpmpv3/RPMPv3.v Line: 25
    Warning (15610): No output dependent on input pin "cmd[0]" File: C:/msys64/home/meesokim/msx-cartridge/rpmpv3/RPMPv3.v Line: 29
    Warning (15610): No output dependent on input pin "cmd[1]" File: C:/msys64/home/meesokim/msx-cartridge/rpmpv3/RPMPv3.v Line: 29
    Warning (15610): No output dependent on input pin "clk0" File: C:/msys64/home/meesokim/msx-cartridge/rpmpv3/RPMPv3.v Line: 15
    Warning (15610): No output dependent on input pin "osc" File: C:/msys64/home/meesokim/msx-cartridge/rpmpv3/RPMPv3.v Line: 14
Info (21057): Implemented 103 device resources after synthesis - the final resource count might be different
    Info (21058): Implemented 30 input pins
    Info (21059): Implemented 15 output pins
    Info (21060): Implemented 24 bidirectional pins
    Info (21061): Implemented 34 logic cells
Info (15717): Design contains 1 virtual pins; timing numbers associated with paths containing virtual pins are estimates
    Info (15718): Pin "osc" is virtual input pin File: C:/msys64/home/meesokim/msx-cartridge/rpmpv3/RPMPv3.v Line: 14
Info (144001): Generated suppressed messages file C:/msys64/home/meesokim/msx-cartridge/rpmpv3/output_files/RPMPv3.map.smsg
Info: Quartus Prime Analysis & Synthesis was successful. 0 errors, 79 warnings
    Info: Peak virtual memory: 648 megabytes
    Info: Processing ended: Sat Apr 21 18:55:11 2018
    Info: Elapsed time: 00:00:21
    Info: Total CPU time (on all processors): 00:00:41


+------------------------------------------+
; Analysis & Synthesis Suppressed Messages ;
+------------------------------------------+
The suppressed messages can be found in C:/msys64/home/meesokim/msx-cartridge/rpmpv3/output_files/RPMPv3.map.smsg.


